  [1m[35m (849.8ms)[0m  [1m[35mCREATE DATABASE "library_app_development" ENCODING = 'unicode'[0m
  ↳ bin/rails:9
  [1m[35m (705.9ms)[0m  [1m[35mCREATE DATABASE "library_app_test" ENCODING = 'unicode'[0m
  ↳ bin/rails:9
  [1m[35m (7.7ms)[0m  [1m[35mCREATE TABLE "schema_migrations" ("version" character varying NOT NULL PRIMARY KEY)[0m
  ↳ bin/rails:9
  [1m[35m (5.6ms)[0m  [1m[35mCREATE TABLE "ar_internal_metadata" ("key" character varying NOT NULL PRIMARY KEY, "value" character varying, "created_at" timestamp NOT NULL, "updated_at" timestamp NOT NULL)[0m
  ↳ bin/rails:9
  [1m[35m (0.6ms)[0m  [1m[34mSELECT pg_try_advisory_lock(3538046867491091655)[0m
  ↳ bin/rails:9
  [1m[35m (4.4ms)[0m  [1m[34mSELECT "schema_migrations"."version" FROM "schema_migrations" ORDER BY "schema_migrations"."version" ASC[0m
  ↳ bin/rails:9
Migrating to CreateAuthors (20190116061340)
  [1m[35m (4.1ms)[0m  [1m[35mBEGIN[0m
  ↳ bin/rails:9
  [1m[35m (7.1ms)[0m  [1m[35mCREATE TABLE "authors" ("id" bigserial primary key, "name" text, "birthplace" text, "dob" date, "image" text, "created_at" timestamp NOT NULL, "updated_at" timestamp NOT NULL)[0m
  ↳ db/migrate/20190116061340_create_authors.rb:3
  [1m[36mActiveRecord::SchemaMigration Create (0.8ms)[0m  [1m[32mINSERT INTO "schema_migrations" ("version") VALUES ($1) RETURNING "version"[0m  [["version", "20190116061340"]]
  ↳ bin/rails:9
  [1m[35m (0.6ms)[0m  [1m[35mCOMMIT[0m
  ↳ bin/rails:9
  [1m[36mActiveRecord::InternalMetadata Load (7.6ms)[0m  [1m[34mSELECT  "ar_internal_metadata".* FROM "ar_internal_metadata" WHERE "ar_internal_metadata"."key" = $1 LIMIT $2[0m  [["key", "environment"], ["LIMIT", 1]]
  ↳ bin/rails:9
  [1m[35m (0.3ms)[0m  [1m[35mBEGIN[0m
  ↳ bin/rails:9
  [1m[36mActiveRecord::InternalMetadata Create (1.0ms)[0m  [1m[32mINSERT INTO "ar_internal_metadata" ("key", "value", "created_at", "updated_at") VALUES ($1, $2, $3, $4) RETURNING "key"[0m  [["key", "environment"], ["value", "development"], ["created_at", "2019-01-16 06:42:12.236517"], ["updated_at", "2019-01-16 06:42:12.236517"]]
  ↳ bin/rails:9
  [1m[35m (0.5ms)[0m  [1m[35mCOMMIT[0m
  ↳ bin/rails:9
  [1m[35m (0.4ms)[0m  [1m[34mSELECT pg_advisory_unlock(3538046867491091655)[0m
  ↳ bin/rails:9
  [1m[35m (0.6ms)[0m  [1m[34mSELECT "schema_migrations"."version" FROM "schema_migrations" ORDER BY "schema_migrations"."version" ASC[0m
  ↳ bin/rails:9
Started GET "/index" for 127.0.0.1 at 2019-01-16 21:06:21 +1100
  [1m[35m (1.3ms)[0m  [1m[34mSELECT "schema_migrations"."version" FROM "schema_migrations" ORDER BY "schema_migrations"."version" ASC[0m
  ↳ /Users/DavidPearl/.rvm/gems/ruby-2.5.3/gems/activerecord-5.2.2/lib/active_record/log_subscriber.rb:98
  
ActionController::RoutingError (No route matches [GET] "/index"):
  
actionpack (5.2.2) lib/action_dispatch/middleware/debug_exceptions.rb:65:in `call'
web-console (3.7.0) lib/web_console/middleware.rb:135:in `call_app'
web-console (3.7.0) lib/web_console/middleware.rb:30:in `block in call'
web-console (3.7.0) lib/web_console/middleware.rb:20:in `catch'
web-console (3.7.0) lib/web_console/middleware.rb:20:in `call'
actionpack (5.2.2) lib/action_dispatch/middleware/show_exceptions.rb:33:in `call'
railties (5.2.2) lib/rails/rack/logger.rb:38:in `call_app'
railties (5.2.2) lib/rails/rack/logger.rb:26:in `block in call'
activesupport (5.2.2) lib/active_support/tagged_logging.rb:71:in `block in tagged'
activesupport (5.2.2) lib/active_support/tagged_logging.rb:28:in `tagged'
activesupport (5.2.2) lib/active_support/tagged_logging.rb:71:in `tagged'
railties (5.2.2) lib/rails/rack/logger.rb:26:in `call'
sprockets-rails (3.2.1) lib/sprockets/rails/quiet_assets.rb:13:in `call'
actionpack (5.2.2) lib/action_dispatch/middleware/remote_ip.rb:81:in `call'
actionpack (5.2.2) lib/action_dispatch/middleware/request_id.rb:27:in `call'
rack (2.0.6) lib/rack/method_override.rb:22:in `call'
rack (2.0.6) lib/rack/runtime.rb:22:in `call'
activesupport (5.2.2) lib/active_support/cache/strategy/local_cache_middleware.rb:29:in `call'
actionpack (5.2.2) lib/action_dispatch/middleware/executor.rb:14:in `call'
actionpack (5.2.2) lib/action_dispatch/middleware/static.rb:127:in `call'
rack (2.0.6) lib/rack/sendfile.rb:111:in `call'
railties (5.2.2) lib/rails/engine.rb:524:in `call'
puma (3.12.0) lib/puma/configuration.rb:225:in `call'
puma (3.12.0) lib/puma/server.rb:658:in `handle_request'
puma (3.12.0) lib/puma/server.rb:472:in `process_client'
puma (3.12.0) lib/puma/server.rb:332:in `block in run'
puma (3.12.0) lib/puma/thread_pool.rb:133:in `block in spawn_thread'
Started GET "/" for 127.0.0.1 at 2019-01-16 21:06:30 +1100
Processing by Rails::WelcomeController#index as HTML
  Rendering /Users/DavidPearl/.rvm/gems/ruby-2.5.3/gems/railties-5.2.2/lib/rails/templates/rails/welcome/index.html.erb
  Rendered /Users/DavidPearl/.rvm/gems/ruby-2.5.3/gems/railties-5.2.2/lib/rails/templates/rails/welcome/index.html.erb (5.7ms)
Completed 200 OK in 37ms (Views: 24.5ms | ActiveRecord: 0.0ms)


Started GET "/" for 127.0.0.1 at 2019-01-16 21:06:52 +1100
Processing by Rails::WelcomeController#index as HTML
  Rendering /Users/DavidPearl/.rvm/gems/ruby-2.5.3/gems/railties-5.2.2/lib/rails/templates/rails/welcome/index.html.erb
  Rendered /Users/DavidPearl/.rvm/gems/ruby-2.5.3/gems/railties-5.2.2/lib/rails/templates/rails/welcome/index.html.erb (2.1ms)
Completed 200 OK in 11ms (Views: 5.1ms | ActiveRecord: 0.0ms)


Started GET "/" for 127.0.0.1 at 2019-01-16 21:08:22 +1100
Processing by Rails::WelcomeController#index as HTML
  Rendering /Users/DavidPearl/.rvm/gems/ruby-2.5.3/gems/railties-5.2.2/lib/rails/templates/rails/welcome/index.html.erb
  Rendered /Users/DavidPearl/.rvm/gems/ruby-2.5.3/gems/railties-5.2.2/lib/rails/templates/rails/welcome/index.html.erb (2.3ms)
Completed 200 OK in 11ms (Views: 7.0ms | ActiveRecord: 0.0ms)


Started GET "/" for 127.0.0.1 at 2019-01-16 21:08:31 +1100
Processing by Rails::WelcomeController#index as HTML
  Rendering /Users/DavidPearl/.rvm/gems/ruby-2.5.3/gems/railties-5.2.2/lib/rails/templates/rails/welcome/index.html.erb
  Rendered /Users/DavidPearl/.rvm/gems/ruby-2.5.3/gems/railties-5.2.2/lib/rails/templates/rails/welcome/index.html.erb (2.4ms)
Completed 200 OK in 18ms (Views: 9.1ms | ActiveRecord: 0.0ms)


Started GET "/" for 127.0.0.1 at 2019-01-16 21:15:09 +1100
Processing by Rails::WelcomeController#index as HTML
  Rendering /Users/DavidPearl/.rvm/gems/ruby-2.5.3/gems/railties-5.2.2/lib/rails/templates/rails/welcome/index.html.erb
  Rendered /Users/DavidPearl/.rvm/gems/ruby-2.5.3/gems/railties-5.2.2/lib/rails/templates/rails/welcome/index.html.erb (2.3ms)
Completed 200 OK in 9ms (Views: 5.7ms | ActiveRecord: 0.0ms)


Started GET "/" for 127.0.0.1 at 2019-01-16 21:15:14 +1100
Processing by Rails::WelcomeController#index as HTML
  Rendering /Users/DavidPearl/.rvm/gems/ruby-2.5.3/gems/railties-5.2.2/lib/rails/templates/rails/welcome/index.html.erb
  Rendered /Users/DavidPearl/.rvm/gems/ruby-2.5.3/gems/railties-5.2.2/lib/rails/templates/rails/welcome/index.html.erb (2.1ms)
Completed 200 OK in 13ms (Views: 8.7ms | ActiveRecord: 0.0ms)


Started GET "/index" for 127.0.0.1 at 2019-01-16 21:15:23 +1100
  
ActionController::RoutingError (No route matches [GET] "/index"):
  
actionpack (5.2.2) lib/action_dispatch/middleware/debug_exceptions.rb:65:in `call'
web-console (3.7.0) lib/web_console/middleware.rb:135:in `call_app'
web-console (3.7.0) lib/web_console/middleware.rb:30:in `block in call'
web-console (3.7.0) lib/web_console/middleware.rb:20:in `catch'
web-console (3.7.0) lib/web_console/middleware.rb:20:in `call'
actionpack (5.2.2) lib/action_dispatch/middleware/show_exceptions.rb:33:in `call'
railties (5.2.2) lib/rails/rack/logger.rb:38:in `call_app'
railties (5.2.2) lib/rails/rack/logger.rb:26:in `block in call'
activesupport (5.2.2) lib/active_support/tagged_logging.rb:71:in `block in tagged'
activesupport (5.2.2) lib/active_support/tagged_logging.rb:28:in `tagged'
activesupport (5.2.2) lib/active_support/tagged_logging.rb:71:in `tagged'
railties (5.2.2) lib/rails/rack/logger.rb:26:in `call'
sprockets-rails (3.2.1) lib/sprockets/rails/quiet_assets.rb:13:in `call'
actionpack (5.2.2) lib/action_dispatch/middleware/remote_ip.rb:81:in `call'
actionpack (5.2.2) lib/action_dispatch/middleware/request_id.rb:27:in `call'
rack (2.0.6) lib/rack/method_override.rb:22:in `call'
rack (2.0.6) lib/rack/runtime.rb:22:in `call'
activesupport (5.2.2) lib/active_support/cache/strategy/local_cache_middleware.rb:29:in `call'
actionpack (5.2.2) lib/action_dispatch/middleware/executor.rb:14:in `call'
actionpack (5.2.2) lib/action_dispatch/middleware/static.rb:127:in `call'
rack (2.0.6) lib/rack/sendfile.rb:111:in `call'
railties (5.2.2) lib/rails/engine.rb:524:in `call'
puma (3.12.0) lib/puma/configuration.rb:225:in `call'
puma (3.12.0) lib/puma/server.rb:658:in `handle_request'
puma (3.12.0) lib/puma/server.rb:472:in `process_client'
puma (3.12.0) lib/puma/server.rb:332:in `block in run'
puma (3.12.0) lib/puma/thread_pool.rb:133:in `block in spawn_thread'
Started GET "/index" for 127.0.0.1 at 2019-01-16 21:19:20 +1100
  
ActionController::RoutingError (No route matches [GET] "/index"):
  
actionpack (5.2.2) lib/action_dispatch/middleware/debug_exceptions.rb:65:in `call'
web-console (3.7.0) lib/web_console/middleware.rb:135:in `call_app'
web-console (3.7.0) lib/web_console/middleware.rb:30:in `block in call'
web-console (3.7.0) lib/web_console/middleware.rb:20:in `catch'
web-console (3.7.0) lib/web_console/middleware.rb:20:in `call'
actionpack (5.2.2) lib/action_dispatch/middleware/show_exceptions.rb:33:in `call'
railties (5.2.2) lib/rails/rack/logger.rb:38:in `call_app'
railties (5.2.2) lib/rails/rack/logger.rb:26:in `block in call'
activesupport (5.2.2) lib/active_support/tagged_logging.rb:71:in `block in tagged'
activesupport (5.2.2) lib/active_support/tagged_logging.rb:28:in `tagged'
activesupport (5.2.2) lib/active_support/tagged_logging.rb:71:in `tagged'
railties (5.2.2) lib/rails/rack/logger.rb:26:in `call'
sprockets-rails (3.2.1) lib/sprockets/rails/quiet_assets.rb:13:in `call'
actionpack (5.2.2) lib/action_dispatch/middleware/remote_ip.rb:81:in `call'
actionpack (5.2.2) lib/action_dispatch/middleware/request_id.rb:27:in `call'
rack (2.0.6) lib/rack/method_override.rb:22:in `call'
rack (2.0.6) lib/rack/runtime.rb:22:in `call'
activesupport (5.2.2) lib/active_support/cache/strategy/local_cache_middleware.rb:29:in `call'
actionpack (5.2.2) lib/action_dispatch/middleware/executor.rb:14:in `call'
actionpack (5.2.2) lib/action_dispatch/middleware/static.rb:127:in `call'
rack (2.0.6) lib/rack/sendfile.rb:111:in `call'
railties (5.2.2) lib/rails/engine.rb:524:in `call'
puma (3.12.0) lib/puma/configuration.rb:225:in `call'
puma (3.12.0) lib/puma/server.rb:658:in `handle_request'
puma (3.12.0) lib/puma/server.rb:472:in `process_client'
puma (3.12.0) lib/puma/server.rb:332:in `block in run'
puma (3.12.0) lib/puma/thread_pool.rb:133:in `block in spawn_thread'
Started GET "/index" for 127.0.0.1 at 2019-01-16 21:20:34 +1100
  
ActionController::RoutingError (No route matches [GET] "/index"):
  
actionpack (5.2.2) lib/action_dispatch/middleware/debug_exceptions.rb:65:in `call'
web-console (3.7.0) lib/web_console/middleware.rb:135:in `call_app'
web-console (3.7.0) lib/web_console/middleware.rb:30:in `block in call'
web-console (3.7.0) lib/web_console/middleware.rb:20:in `catch'
web-console (3.7.0) lib/web_console/middleware.rb:20:in `call'
actionpack (5.2.2) lib/action_dispatch/middleware/show_exceptions.rb:33:in `call'
railties (5.2.2) lib/rails/rack/logger.rb:38:in `call_app'
railties (5.2.2) lib/rails/rack/logger.rb:26:in `block in call'
activesupport (5.2.2) lib/active_support/tagged_logging.rb:71:in `block in tagged'
activesupport (5.2.2) lib/active_support/tagged_logging.rb:28:in `tagged'
activesupport (5.2.2) lib/active_support/tagged_logging.rb:71:in `tagged'
railties (5.2.2) lib/rails/rack/logger.rb:26:in `call'
sprockets-rails (3.2.1) lib/sprockets/rails/quiet_assets.rb:13:in `call'
actionpack (5.2.2) lib/action_dispatch/middleware/remote_ip.rb:81:in `call'
actionpack (5.2.2) lib/action_dispatch/middleware/request_id.rb:27:in `call'
rack (2.0.6) lib/rack/method_override.rb:22:in `call'
rack (2.0.6) lib/rack/runtime.rb:22:in `call'
activesupport (5.2.2) lib/active_support/cache/strategy/local_cache_middleware.rb:29:in `call'
actionpack (5.2.2) lib/action_dispatch/middleware/executor.rb:14:in `call'
actionpack (5.2.2) lib/action_dispatch/middleware/static.rb:127:in `call'
rack (2.0.6) lib/rack/sendfile.rb:111:in `call'
railties (5.2.2) lib/rails/engine.rb:524:in `call'
puma (3.12.0) lib/puma/configuration.rb:225:in `call'
puma (3.12.0) lib/puma/server.rb:658:in `handle_request'
puma (3.12.0) lib/puma/server.rb:472:in `process_client'
puma (3.12.0) lib/puma/server.rb:332:in `block in run'
puma (3.12.0) lib/puma/thread_pool.rb:133:in `block in spawn_thread'
Started GET "/index" for 127.0.0.1 at 2019-01-16 21:20:37 +1100
  
ActionController::RoutingError (No route matches [GET] "/index"):
  
actionpack (5.2.2) lib/action_dispatch/middleware/debug_exceptions.rb:65:in `call'
web-console (3.7.0) lib/web_console/middleware.rb:135:in `call_app'
web-console (3.7.0) lib/web_console/middleware.rb:30:in `block in call'
web-console (3.7.0) lib/web_console/middleware.rb:20:in `catch'
web-console (3.7.0) lib/web_console/middleware.rb:20:in `call'
actionpack (5.2.2) lib/action_dispatch/middleware/show_exceptions.rb:33:in `call'
railties (5.2.2) lib/rails/rack/logger.rb:38:in `call_app'
railties (5.2.2) lib/rails/rack/logger.rb:26:in `block in call'
activesupport (5.2.2) lib/active_support/tagged_logging.rb:71:in `block in tagged'
activesupport (5.2.2) lib/active_support/tagged_logging.rb:28:in `tagged'
activesupport (5.2.2) lib/active_support/tagged_logging.rb:71:in `tagged'
railties (5.2.2) lib/rails/rack/logger.rb:26:in `call'
sprockets-rails (3.2.1) lib/sprockets/rails/quiet_assets.rb:13:in `call'
actionpack (5.2.2) lib/action_dispatch/middleware/remote_ip.rb:81:in `call'
actionpack (5.2.2) lib/action_dispatch/middleware/request_id.rb:27:in `call'
rack (2.0.6) lib/rack/method_override.rb:22:in `call'
rack (2.0.6) lib/rack/runtime.rb:22:in `call'
activesupport (5.2.2) lib/active_support/cache/strategy/local_cache_middleware.rb:29:in `call'
actionpack (5.2.2) lib/action_dispatch/middleware/executor.rb:14:in `call'
actionpack (5.2.2) lib/action_dispatch/middleware/static.rb:127:in `call'
rack (2.0.6) lib/rack/sendfile.rb:111:in `call'
railties (5.2.2) lib/rails/engine.rb:524:in `call'
puma (3.12.0) lib/puma/configuration.rb:225:in `call'
puma (3.12.0) lib/puma/server.rb:658:in `handle_request'
puma (3.12.0) lib/puma/server.rb:472:in `process_client'
puma (3.12.0) lib/puma/server.rb:332:in `block in run'
puma (3.12.0) lib/puma/thread_pool.rb:133:in `block in spawn_thread'
Started GET "/" for 127.0.0.1 at 2019-01-16 21:20:42 +1100
  
LoadError (Unable to autoload constant AuthorsController, expected /Users/DavidPearl/Projects/wdi30-homework/david_pearl/week05/library_app/app/controllers/authors_controller.rb to define it):
  
activesupport (5.2.2) lib/active_support/dependencies.rb:511:in `load_missing_constant'
bootsnap (1.3.2) lib/bootsnap/load_path_cache/core_ext/active_support.rb:58:in `block in load_missing_constant'
bootsnap (1.3.2) lib/bootsnap/load_path_cache/core_ext/active_support.rb:16:in `allow_bootsnap_retry'
bootsnap (1.3.2) lib/bootsnap/load_path_cache/core_ext/active_support.rb:57:in `load_missing_constant'
activesupport (5.2.2) lib/active_support/dependencies.rb:195:in `const_missing'
activesupport (5.2.2) lib/active_support/inflector/methods.rb:283:in `const_get'
activesupport (5.2.2) lib/active_support/inflector/methods.rb:283:in `block in constantize'
activesupport (5.2.2) lib/active_support/inflector/methods.rb:281:in `each'
activesupport (5.2.2) lib/active_support/inflector/methods.rb:281:in `inject'
activesupport (5.2.2) lib/active_support/inflector/methods.rb:281:in `constantize'
activesupport (5.2.2) lib/active_support/dependencies.rb:582:in `get'
activesupport (5.2.2) lib/active_support/dependencies.rb:613:in `constantize'
actionpack (5.2.2) lib/action_dispatch/http/request.rb:88:in `controller_class_for'
actionpack (5.2.2) lib/action_dispatch/http/parameters.rb:101:in `binary_params_for?'
actionpack (5.2.2) lib/action_dispatch/http/parameters.rb:92:in `set_binary_encoding'
actionpack (5.2.2) lib/action_dispatch/http/parameters.rb:69:in `path_parameters='
actionpack (5.2.2) lib/action_dispatch/journey/router.rb:50:in `block in serve'
actionpack (5.2.2) lib/action_dispatch/journey/router.rb:35:in `each'
actionpack (5.2.2) lib/action_dispatch/journey/router.rb:35:in `serve'
actionpack (5.2.2) lib/action_dispatch/routing/route_set.rb:840:in `call'
rack (2.0.6) lib/rack/tempfile_reaper.rb:15:in `call'
rack (2.0.6) lib/rack/etag.rb:25:in `call'
rack (2.0.6) lib/rack/conditional_get.rb:25:in `call'
rack (2.0.6) lib/rack/head.rb:12:in `call'
actionpack (5.2.2) lib/action_dispatch/http/content_security_policy.rb:18:in `call'
rack (2.0.6) lib/rack/session/abstract/id.rb:232:in `context'
rack (2.0.6) lib/rack/session/abstract/id.rb:226:in `call'
actionpack (5.2.2) lib/action_dispatch/middleware/cookies.rb:670:in `call'
activerecord (5.2.2) lib/active_record/migration.rb:559:in `call'
actionpack (5.2.2) lib/action_dispatch/middleware/callbacks.rb:28:in `block in call'
activesupport (5.2.2) lib/active_support/callbacks.rb:98:in `run_callbacks'
actionpack (5.2.2) lib/action_dispatch/middleware/callbacks.rb:26:in `call'
actionpack (5.2.2) lib/action_dispatch/middleware/executor.rb:14:in `call'
actionpack (5.2.2) lib/action_dispatch/middleware/debug_exceptions.rb:61:in `call'
web-console (3.7.0) lib/web_console/middleware.rb:135:in `call_app'
web-console (3.7.0) lib/web_console/middleware.rb:30:in `block in call'
web-console (3.7.0) lib/web_console/middleware.rb:20:in `catch'
web-console (3.7.0) lib/web_console/middleware.rb:20:in `call'
actionpack (5.2.2) lib/action_dispatch/middleware/show_exceptions.rb:33:in `call'
railties (5.2.2) lib/rails/rack/logger.rb:38:in `call_app'
railties (5.2.2) lib/rails/rack/logger.rb:26:in `block in call'
activesupport (5.2.2) lib/active_support/tagged_logging.rb:71:in `block in tagged'
activesupport (5.2.2) lib/active_support/tagged_logging.rb:28:in `tagged'
activesupport (5.2.2) lib/active_support/tagged_logging.rb:71:in `tagged'
railties (5.2.2) lib/rails/rack/logger.rb:26:in `call'
sprockets-rails (3.2.1) lib/sprockets/rails/quiet_assets.rb:13:in `call'
actionpack (5.2.2) lib/action_dispatch/middleware/remote_ip.rb:81:in `call'
actionpack (5.2.2) lib/action_dispatch/middleware/request_id.rb:27:in `call'
rack (2.0.6) lib/rack/method_override.rb:22:in `call'
rack (2.0.6) lib/rack/runtime.rb:22:in `call'
activesupport (5.2.2) lib/active_support/cache/strategy/local_cache_middleware.rb:29:in `call'
actionpack (5.2.2) lib/action_dispatch/middleware/executor.rb:14:in `call'
actionpack (5.2.2) lib/action_dispatch/middleware/static.rb:127:in `call'
rack (2.0.6) lib/rack/sendfile.rb:111:in `call'
railties (5.2.2) lib/rails/engine.rb:524:in `call'
puma (3.12.0) lib/puma/configuration.rb:225:in `call'
puma (3.12.0) lib/puma/server.rb:658:in `handle_request'
puma (3.12.0) lib/puma/server.rb:472:in `process_client'
puma (3.12.0) lib/puma/server.rb:332:in `block in run'
puma (3.12.0) lib/puma/thread_pool.rb:133:in `block in spawn_thread'
Started GET "/" for 127.0.0.1 at 2019-01-16 21:21:09 +1100
  
LoadError (Unable to autoload constant AuthorsController, expected /Users/DavidPearl/Projects/wdi30-homework/david_pearl/week05/library_app/app/controllers/authors_controller.rb to define it):
  
activesupport (5.2.2) lib/active_support/dependencies.rb:511:in `load_missing_constant'
bootsnap (1.3.2) lib/bootsnap/load_path_cache/core_ext/active_support.rb:58:in `block in load_missing_constant'
bootsnap (1.3.2) lib/bootsnap/load_path_cache/core_ext/active_support.rb:16:in `allow_bootsnap_retry'
bootsnap (1.3.2) lib/bootsnap/load_path_cache/core_ext/active_support.rb:57:in `load_missing_constant'
activesupport (5.2.2) lib/active_support/dependencies.rb:195:in `const_missing'
activesupport (5.2.2) lib/active_support/inflector/methods.rb:283:in `const_get'
activesupport (5.2.2) lib/active_support/inflector/methods.rb:283:in `block in constantize'
activesupport (5.2.2) lib/active_support/inflector/methods.rb:281:in `each'
activesupport (5.2.2) lib/active_support/inflector/methods.rb:281:in `inject'
activesupport (5.2.2) lib/active_support/inflector/methods.rb:281:in `constantize'
activesupport (5.2.2) lib/active_support/dependencies.rb:582:in `get'
activesupport (5.2.2) lib/active_support/dependencies.rb:613:in `constantize'
actionpack (5.2.2) lib/action_dispatch/http/request.rb:88:in `controller_class_for'
actionpack (5.2.2) lib/action_dispatch/http/parameters.rb:101:in `binary_params_for?'
actionpack (5.2.2) lib/action_dispatch/http/parameters.rb:92:in `set_binary_encoding'
actionpack (5.2.2) lib/action_dispatch/http/parameters.rb:69:in `path_parameters='
actionpack (5.2.2) lib/action_dispatch/journey/router.rb:50:in `block in serve'
actionpack (5.2.2) lib/action_dispatch/journey/router.rb:35:in `each'
actionpack (5.2.2) lib/action_dispatch/journey/router.rb:35:in `serve'
actionpack (5.2.2) lib/action_dispatch/routing/route_set.rb:840:in `call'
rack (2.0.6) lib/rack/tempfile_reaper.rb:15:in `call'
rack (2.0.6) lib/rack/etag.rb:25:in `call'
rack (2.0.6) lib/rack/conditional_get.rb:25:in `call'
rack (2.0.6) lib/rack/head.rb:12:in `call'
actionpack (5.2.2) lib/action_dispatch/http/content_security_policy.rb:18:in `call'
rack (2.0.6) lib/rack/session/abstract/id.rb:232:in `context'
rack (2.0.6) lib/rack/session/abstract/id.rb:226:in `call'
actionpack (5.2.2) lib/action_dispatch/middleware/cookies.rb:670:in `call'
activerecord (5.2.2) lib/active_record/migration.rb:559:in `call'
actionpack (5.2.2) lib/action_dispatch/middleware/callbacks.rb:28:in `block in call'
activesupport (5.2.2) lib/active_support/callbacks.rb:98:in `run_callbacks'
actionpack (5.2.2) lib/action_dispatch/middleware/callbacks.rb:26:in `call'
actionpack (5.2.2) lib/action_dispatch/middleware/executor.rb:14:in `call'
actionpack (5.2.2) lib/action_dispatch/middleware/debug_exceptions.rb:61:in `call'
web-console (3.7.0) lib/web_console/middleware.rb:135:in `call_app'
web-console (3.7.0) lib/web_console/middleware.rb:30:in `block in call'
web-console (3.7.0) lib/web_console/middleware.rb:20:in `catch'
web-console (3.7.0) lib/web_console/middleware.rb:20:in `call'
actionpack (5.2.2) lib/action_dispatch/middleware/show_exceptions.rb:33:in `call'
railties (5.2.2) lib/rails/rack/logger.rb:38:in `call_app'
railties (5.2.2) lib/rails/rack/logger.rb:26:in `block in call'
activesupport (5.2.2) lib/active_support/tagged_logging.rb:71:in `block in tagged'
activesupport (5.2.2) lib/active_support/tagged_logging.rb:28:in `tagged'
activesupport (5.2.2) lib/active_support/tagged_logging.rb:71:in `tagged'
railties (5.2.2) lib/rails/rack/logger.rb:26:in `call'
sprockets-rails (3.2.1) lib/sprockets/rails/quiet_assets.rb:13:in `call'
actionpack (5.2.2) lib/action_dispatch/middleware/remote_ip.rb:81:in `call'
actionpack (5.2.2) lib/action_dispatch/middleware/request_id.rb:27:in `call'
rack (2.0.6) lib/rack/method_override.rb:22:in `call'
rack (2.0.6) lib/rack/runtime.rb:22:in `call'
activesupport (5.2.2) lib/active_support/cache/strategy/local_cache_middleware.rb:29:in `call'
actionpack (5.2.2) lib/action_dispatch/middleware/executor.rb:14:in `call'
actionpack (5.2.2) lib/action_dispatch/middleware/static.rb:127:in `call'
rack (2.0.6) lib/rack/sendfile.rb:111:in `call'
railties (5.2.2) lib/rails/engine.rb:524:in `call'
puma (3.12.0) lib/puma/configuration.rb:225:in `call'
puma (3.12.0) lib/puma/server.rb:658:in `handle_request'
puma (3.12.0) lib/puma/server.rb:472:in `process_client'
puma (3.12.0) lib/puma/server.rb:332:in `block in run'
puma (3.12.0) lib/puma/thread_pool.rb:133:in `block in spawn_thread'
Started GET "/" for 127.0.0.1 at 2019-01-16 21:23:11 +1100
  
LoadError (Unable to autoload constant AuthorsController, expected /Users/DavidPearl/Projects/wdi30-homework/david_pearl/week05/library_app/app/controllers/authors_controller.rb to define it):
  
activesupport (5.2.2) lib/active_support/dependencies.rb:511:in `load_missing_constant'
bootsnap (1.3.2) lib/bootsnap/load_path_cache/core_ext/active_support.rb:58:in `block in load_missing_constant'
bootsnap (1.3.2) lib/bootsnap/load_path_cache/core_ext/active_support.rb:16:in `allow_bootsnap_retry'
bootsnap (1.3.2) lib/bootsnap/load_path_cache/core_ext/active_support.rb:57:in `load_missing_constant'
activesupport (5.2.2) lib/active_support/dependencies.rb:195:in `const_missing'
activesupport (5.2.2) lib/active_support/inflector/methods.rb:283:in `const_get'
activesupport (5.2.2) lib/active_support/inflector/methods.rb:283:in `block in constantize'
activesupport (5.2.2) lib/active_support/inflector/methods.rb:281:in `each'
activesupport (5.2.2) lib/active_support/inflector/methods.rb:281:in `inject'
activesupport (5.2.2) lib/active_support/inflector/methods.rb:281:in `constantize'
activesupport (5.2.2) lib/active_support/dependencies.rb:582:in `get'
activesupport (5.2.2) lib/active_support/dependencies.rb:613:in `constantize'
actionpack (5.2.2) lib/action_dispatch/http/request.rb:88:in `controller_class_for'
actionpack (5.2.2) lib/action_dispatch/http/parameters.rb:101:in `binary_params_for?'
actionpack (5.2.2) lib/action_dispatch/http/parameters.rb:92:in `set_binary_encoding'
actionpack (5.2.2) lib/action_dispatch/http/parameters.rb:69:in `path_parameters='
actionpack (5.2.2) lib/action_dispatch/journey/router.rb:50:in `block in serve'
actionpack (5.2.2) lib/action_dispatch/journey/router.rb:35:in `each'
actionpack (5.2.2) lib/action_dispatch/journey/router.rb:35:in `serve'
actionpack (5.2.2) lib/action_dispatch/routing/route_set.rb:840:in `call'
rack (2.0.6) lib/rack/tempfile_reaper.rb:15:in `call'
rack (2.0.6) lib/rack/etag.rb:25:in `call'
rack (2.0.6) lib/rack/conditional_get.rb:25:in `call'
rack (2.0.6) lib/rack/head.rb:12:in `call'
actionpack (5.2.2) lib/action_dispatch/http/content_security_policy.rb:18:in `call'
rack (2.0.6) lib/rack/session/abstract/id.rb:232:in `context'
rack (2.0.6) lib/rack/session/abstract/id.rb:226:in `call'
actionpack (5.2.2) lib/action_dispatch/middleware/cookies.rb:670:in `call'
activerecord (5.2.2) lib/active_record/migration.rb:559:in `call'
actionpack (5.2.2) lib/action_dispatch/middleware/callbacks.rb:28:in `block in call'
activesupport (5.2.2) lib/active_support/callbacks.rb:98:in `run_callbacks'
actionpack (5.2.2) lib/action_dispatch/middleware/callbacks.rb:26:in `call'
actionpack (5.2.2) lib/action_dispatch/middleware/executor.rb:14:in `call'
actionpack (5.2.2) lib/action_dispatch/middleware/debug_exceptions.rb:61:in `call'
web-console (3.7.0) lib/web_console/middleware.rb:135:in `call_app'
web-console (3.7.0) lib/web_console/middleware.rb:30:in `block in call'
web-console (3.7.0) lib/web_console/middleware.rb:20:in `catch'
web-console (3.7.0) lib/web_console/middleware.rb:20:in `call'
actionpack (5.2.2) lib/action_dispatch/middleware/show_exceptions.rb:33:in `call'
railties (5.2.2) lib/rails/rack/logger.rb:38:in `call_app'
railties (5.2.2) lib/rails/rack/logger.rb:26:in `block in call'
activesupport (5.2.2) lib/active_support/tagged_logging.rb:71:in `block in tagged'
activesupport (5.2.2) lib/active_support/tagged_logging.rb:28:in `tagged'
activesupport (5.2.2) lib/active_support/tagged_logging.rb:71:in `tagged'
railties (5.2.2) lib/rails/rack/logger.rb:26:in `call'
sprockets-rails (3.2.1) lib/sprockets/rails/quiet_assets.rb:13:in `call'
actionpack (5.2.2) lib/action_dispatch/middleware/remote_ip.rb:81:in `call'
actionpack (5.2.2) lib/action_dispatch/middleware/request_id.rb:27:in `call'
rack (2.0.6) lib/rack/method_override.rb:22:in `call'
rack (2.0.6) lib/rack/runtime.rb:22:in `call'
activesupport (5.2.2) lib/active_support/cache/strategy/local_cache_middleware.rb:29:in `call'
actionpack (5.2.2) lib/action_dispatch/middleware/executor.rb:14:in `call'
actionpack (5.2.2) lib/action_dispatch/middleware/static.rb:127:in `call'
rack (2.0.6) lib/rack/sendfile.rb:111:in `call'
railties (5.2.2) lib/rails/engine.rb:524:in `call'
puma (3.12.0) lib/puma/configuration.rb:225:in `call'
puma (3.12.0) lib/puma/server.rb:658:in `handle_request'
puma (3.12.0) lib/puma/server.rb:472:in `process_client'
puma (3.12.0) lib/puma/server.rb:332:in `block in run'
puma (3.12.0) lib/puma/thread_pool.rb:133:in `block in spawn_thread'
Started GET "/" for 127.0.0.1 at 2019-01-16 21:24:21 +1100
  [1m[35m (2.8ms)[0m  [1m[34mSELECT "schema_migrations"."version" FROM "schema_migrations" ORDER BY "schema_migrations"."version" ASC[0m
  ↳ /Users/DavidPearl/.rvm/gems/ruby-2.5.3/gems/activerecord-5.2.2/lib/active_record/log_subscriber.rb:98
  
LoadError (Unable to autoload constant AuthorsController, expected /Users/DavidPearl/Projects/wdi30-homework/david_pearl/week05/library_app/app/controllers/authors_controller.rb to define it):
  
activesupport (5.2.2) lib/active_support/dependencies.rb:511:in `load_missing_constant'
bootsnap (1.3.2) lib/bootsnap/load_path_cache/core_ext/active_support.rb:58:in `block in load_missing_constant'
bootsnap (1.3.2) lib/bootsnap/load_path_cache/core_ext/active_support.rb:16:in `allow_bootsnap_retry'
bootsnap (1.3.2) lib/bootsnap/load_path_cache/core_ext/active_support.rb:57:in `load_missing_constant'
activesupport (5.2.2) lib/active_support/dependencies.rb:195:in `const_missing'
activesupport (5.2.2) lib/active_support/inflector/methods.rb:283:in `const_get'
activesupport (5.2.2) lib/active_support/inflector/methods.rb:283:in `block in constantize'
activesupport (5.2.2) lib/active_support/inflector/methods.rb:281:in `each'
activesupport (5.2.2) lib/active_support/inflector/methods.rb:281:in `inject'
activesupport (5.2.2) lib/active_support/inflector/methods.rb:281:in `constantize'
activesupport (5.2.2) lib/active_support/dependencies.rb:582:in `get'
activesupport (5.2.2) lib/active_support/dependencies.rb:613:in `constantize'
actionpack (5.2.2) lib/action_dispatch/http/request.rb:88:in `controller_class_for'
actionpack (5.2.2) lib/action_dispatch/http/parameters.rb:101:in `binary_params_for?'
actionpack (5.2.2) lib/action_dispatch/http/parameters.rb:92:in `set_binary_encoding'
actionpack (5.2.2) lib/action_dispatch/http/parameters.rb:69:in `path_parameters='
actionpack (5.2.2) lib/action_dispatch/journey/router.rb:50:in `block in serve'
actionpack (5.2.2) lib/action_dispatch/journey/router.rb:35:in `each'
actionpack (5.2.2) lib/action_dispatch/journey/router.rb:35:in `serve'
actionpack (5.2.2) lib/action_dispatch/routing/route_set.rb:840:in `call'
rack (2.0.6) lib/rack/tempfile_reaper.rb:15:in `call'
rack (2.0.6) lib/rack/etag.rb:25:in `call'
rack (2.0.6) lib/rack/conditional_get.rb:25:in `call'
rack (2.0.6) lib/rack/head.rb:12:in `call'
actionpack (5.2.2) lib/action_dispatch/http/content_security_policy.rb:18:in `call'
rack (2.0.6) lib/rack/session/abstract/id.rb:232:in `context'
rack (2.0.6) lib/rack/session/abstract/id.rb:226:in `call'
actionpack (5.2.2) lib/action_dispatch/middleware/cookies.rb:670:in `call'
activerecord (5.2.2) lib/active_record/migration.rb:559:in `call'
actionpack (5.2.2) lib/action_dispatch/middleware/callbacks.rb:28:in `block in call'
activesupport (5.2.2) lib/active_support/callbacks.rb:98:in `run_callbacks'
actionpack (5.2.2) lib/action_dispatch/middleware/callbacks.rb:26:in `call'
actionpack (5.2.2) lib/action_dispatch/middleware/executor.rb:14:in `call'
actionpack (5.2.2) lib/action_dispatch/middleware/debug_exceptions.rb:61:in `call'
web-console (3.7.0) lib/web_console/middleware.rb:135:in `call_app'
web-console (3.7.0) lib/web_console/middleware.rb:30:in `block in call'
web-console (3.7.0) lib/web_console/middleware.rb:20:in `catch'
web-console (3.7.0) lib/web_console/middleware.rb:20:in `call'
actionpack (5.2.2) lib/action_dispatch/middleware/show_exceptions.rb:33:in `call'
railties (5.2.2) lib/rails/rack/logger.rb:38:in `call_app'
railties (5.2.2) lib/rails/rack/logger.rb:26:in `block in call'
activesupport (5.2.2) lib/active_support/tagged_logging.rb:71:in `block in tagged'
activesupport (5.2.2) lib/active_support/tagged_logging.rb:28:in `tagged'
activesupport (5.2.2) lib/active_support/tagged_logging.rb:71:in `tagged'
railties (5.2.2) lib/rails/rack/logger.rb:26:in `call'
sprockets-rails (3.2.1) lib/sprockets/rails/quiet_assets.rb:13:in `call'
actionpack (5.2.2) lib/action_dispatch/middleware/remote_ip.rb:81:in `call'
actionpack (5.2.2) lib/action_dispatch/middleware/request_id.rb:27:in `call'
rack (2.0.6) lib/rack/method_override.rb:22:in `call'
rack (2.0.6) lib/rack/runtime.rb:22:in `call'
activesupport (5.2.2) lib/active_support/cache/strategy/local_cache_middleware.rb:29:in `call'
actionpack (5.2.2) lib/action_dispatch/middleware/executor.rb:14:in `call'
actionpack (5.2.2) lib/action_dispatch/middleware/static.rb:127:in `call'
rack (2.0.6) lib/rack/sendfile.rb:111:in `call'
railties (5.2.2) lib/rails/engine.rb:524:in `call'
puma (3.12.0) lib/puma/configuration.rb:225:in `call'
puma (3.12.0) lib/puma/server.rb:658:in `handle_request'
puma (3.12.0) lib/puma/server.rb:472:in `process_client'
puma (3.12.0) lib/puma/server.rb:332:in `block in run'
puma (3.12.0) lib/puma/thread_pool.rb:133:in `block in spawn_thread'
Started GET "/" for 127.0.0.1 at 2019-01-16 21:24:29 +1100
  
LoadError (Unable to autoload constant AuthorsController, expected /Users/DavidPearl/Projects/wdi30-homework/david_pearl/week05/library_app/app/controllers/authors_controller.rb to define it):
  
activesupport (5.2.2) lib/active_support/dependencies.rb:511:in `load_missing_constant'
bootsnap (1.3.2) lib/bootsnap/load_path_cache/core_ext/active_support.rb:58:in `block in load_missing_constant'
bootsnap (1.3.2) lib/bootsnap/load_path_cache/core_ext/active_support.rb:16:in `allow_bootsnap_retry'
bootsnap (1.3.2) lib/bootsnap/load_path_cache/core_ext/active_support.rb:57:in `load_missing_constant'
activesupport (5.2.2) lib/active_support/dependencies.rb:195:in `const_missing'
activesupport (5.2.2) lib/active_support/inflector/methods.rb:283:in `const_get'
activesupport (5.2.2) lib/active_support/inflector/methods.rb:283:in `block in constantize'
activesupport (5.2.2) lib/active_support/inflector/methods.rb:281:in `each'
activesupport (5.2.2) lib/active_support/inflector/methods.rb:281:in `inject'
activesupport (5.2.2) lib/active_support/inflector/methods.rb:281:in `constantize'
activesupport (5.2.2) lib/active_support/dependencies.rb:582:in `get'
activesupport (5.2.2) lib/active_support/dependencies.rb:613:in `constantize'
actionpack (5.2.2) lib/action_dispatch/http/request.rb:88:in `controller_class_for'
actionpack (5.2.2) lib/action_dispatch/http/parameters.rb:101:in `binary_params_for?'
actionpack (5.2.2) lib/action_dispatch/http/parameters.rb:92:in `set_binary_encoding'
actionpack (5.2.2) lib/action_dispatch/http/parameters.rb:69:in `path_parameters='
actionpack (5.2.2) lib/action_dispatch/journey/router.rb:50:in `block in serve'
actionpack (5.2.2) lib/action_dispatch/journey/router.rb:35:in `each'
actionpack (5.2.2) lib/action_dispatch/journey/router.rb:35:in `serve'
actionpack (5.2.2) lib/action_dispatch/routing/route_set.rb:840:in `call'
rack (2.0.6) lib/rack/tempfile_reaper.rb:15:in `call'
rack (2.0.6) lib/rack/etag.rb:25:in `call'
rack (2.0.6) lib/rack/conditional_get.rb:25:in `call'
rack (2.0.6) lib/rack/head.rb:12:in `call'
actionpack (5.2.2) lib/action_dispatch/http/content_security_policy.rb:18:in `call'
rack (2.0.6) lib/rack/session/abstract/id.rb:232:in `context'
rack (2.0.6) lib/rack/session/abstract/id.rb:226:in `call'
actionpack (5.2.2) lib/action_dispatch/middleware/cookies.rb:670:in `call'
activerecord (5.2.2) lib/active_record/migration.rb:559:in `call'
actionpack (5.2.2) lib/action_dispatch/middleware/callbacks.rb:28:in `block in call'
activesupport (5.2.2) lib/active_support/callbacks.rb:98:in `run_callbacks'
actionpack (5.2.2) lib/action_dispatch/middleware/callbacks.rb:26:in `call'
actionpack (5.2.2) lib/action_dispatch/middleware/executor.rb:14:in `call'
actionpack (5.2.2) lib/action_dispatch/middleware/debug_exceptions.rb:61:in `call'
web-console (3.7.0) lib/web_console/middleware.rb:135:in `call_app'
web-console (3.7.0) lib/web_console/middleware.rb:30:in `block in call'
web-console (3.7.0) lib/web_console/middleware.rb:20:in `catch'
web-console (3.7.0) lib/web_console/middleware.rb:20:in `call'
actionpack (5.2.2) lib/action_dispatch/middleware/show_exceptions.rb:33:in `call'
railties (5.2.2) lib/rails/rack/logger.rb:38:in `call_app'
railties (5.2.2) lib/rails/rack/logger.rb:26:in `block in call'
activesupport (5.2.2) lib/active_support/tagged_logging.rb:71:in `block in tagged'
activesupport (5.2.2) lib/active_support/tagged_logging.rb:28:in `tagged'
activesupport (5.2.2) lib/active_support/tagged_logging.rb:71:in `tagged'
railties (5.2.2) lib/rails/rack/logger.rb:26:in `call'
sprockets-rails (3.2.1) lib/sprockets/rails/quiet_assets.rb:13:in `call'
actionpack (5.2.2) lib/action_dispatch/middleware/remote_ip.rb:81:in `call'
actionpack (5.2.2) lib/action_dispatch/middleware/request_id.rb:27:in `call'
rack (2.0.6) lib/rack/method_override.rb:22:in `call'
rack (2.0.6) lib/rack/runtime.rb:22:in `call'
activesupport (5.2.2) lib/active_support/cache/strategy/local_cache_middleware.rb:29:in `call'
actionpack (5.2.2) lib/action_dispatch/middleware/executor.rb:14:in `call'
actionpack (5.2.2) lib/action_dispatch/middleware/static.rb:127:in `call'
rack (2.0.6) lib/rack/sendfile.rb:111:in `call'
railties (5.2.2) lib/rails/engine.rb:524:in `call'
puma (3.12.0) lib/puma/configuration.rb:225:in `call'
puma (3.12.0) lib/puma/server.rb:658:in `handle_request'
puma (3.12.0) lib/puma/server.rb:472:in `process_client'
puma (3.12.0) lib/puma/server.rb:332:in `block in run'
puma (3.12.0) lib/puma/thread_pool.rb:133:in `block in spawn_thread'
Started GET "/" for 127.0.0.1 at 2019-01-16 21:25:49 +1100
Processing by AuthorsController#index as HTML
  Rendering authors/index.html.erb within layouts/application
  [1m[36mAuthor Load (1.9ms)[0m  [1m[34mSELECT "authors".* FROM "authors"[0m
  ↳ app/views/authors/index.html.erb:3
  Rendered authors/index.html.erb within layouts/application (8.0ms)
Completed 200 OK in 522ms (Views: 509.9ms | ActiveRecord: 6.1ms)


Started GET "/authors" for 127.0.0.1 at 2019-01-16 21:28:24 +1100
Processing by AuthorsController#index as HTML
  Rendering authors/index.html.erb within layouts/application
  [1m[36mAuthor Load (0.4ms)[0m  [1m[34mSELECT "authors".* FROM "authors"[0m
  ↳ app/views/authors/index.html.erb:3
  Rendered authors/index.html.erb within layouts/application (4.0ms)
Completed 200 OK in 35ms (Views: 28.3ms | ActiveRecord: 2.5ms)


Started GET "/authors/new" for 127.0.0.1 at 2019-01-16 21:28:27 +1100
Processing by AuthorsController#new as HTML
  Rendering authors/new.html.erb within layouts/application
  Rendered authors/new.html.erb within layouts/application (0.3ms)
Completed 200 OK in 21ms (Views: 18.6ms | ActiveRecord: 0.0ms)


Started GET "/authors" for 127.0.0.1 at 2019-01-16 21:28:29 +1100
Processing by AuthorsController#index as HTML
  Rendering authors/index.html.erb within layouts/application
  [1m[36mAuthor Load (0.3ms)[0m  [1m[34mSELECT "authors".* FROM "authors"[0m
  ↳ app/views/authors/index.html.erb:3
  Rendered authors/index.html.erb within layouts/application (1.3ms)
Completed 200 OK in 32ms (Views: 25.4ms | ActiveRecord: 0.3ms)


  [1m[35m (1.0ms)[0m  [1m[34mSELECT "schema_migrations"."version" FROM "schema_migrations" ORDER BY "schema_migrations"."version" ASC[0m
  ↳ bin/rails:9
  [1m[36mAuthor Load (1.0ms)[0m  [1m[34mSELECT "authors".* FROM "authors"[0m
  ↳ db/seeds.rb:19
  [1m[35m (0.2ms)[0m  [1m[35mBEGIN[0m
  ↳ db/seeds.rb:20
  [1m[36mAuthor Create (1.5ms)[0m  [1m[32mINSERT INTO "authors" ("name", "birthplace", "dob", "image", "created_at", "updated_at") VALUES ($1, $2, $3, $4, $5, $6) RETURNING "id"[0m  [["name", "Bill Shakespear"], ["birthplace", "England"], ["dob", "1564-04-26"], ["image", "https://www.williamshakespeare.net/images/shakespeare.jpg"], ["created_at", "2019-01-16 10:33:26.710987"], ["updated_at", "2019-01-16 10:33:26.710987"]]
  ↳ db/seeds.rb:20
  [1m[35m (0.9ms)[0m  [1m[35mCOMMIT[0m
  ↳ db/seeds.rb:20
  [1m[35m (0.1ms)[0m  [1m[35mBEGIN[0m
  ↳ db/seeds.rb:21
  [1m[36mAuthor Create (0.4ms)[0m  [1m[32mINSERT INTO "authors" ("name", "birthplace", "dob", "image", "created_at", "updated_at") VALUES ($1, $2, $3, $4, $5, $6) RETURNING "id"[0m  [["name", "Stephen King"], ["birthplace", "United States of America"], ["dob", "1947-09-21"], ["image", "https://static01.nyt.com/images/2015/10/31/arts/31KING/31KING-articleLarge.jpg?quality=75&auto=webp&disable=upscale"], ["created_at", "2019-01-16 10:33:26.715877"], ["updated_at", "2019-01-16 10:33:26.715877"]]
  ↳ db/seeds.rb:21
  [1m[35m (0.4ms)[0m  [1m[35mCOMMIT[0m
  ↳ db/seeds.rb:21
Started GET "/authors" for 127.0.0.1 at 2019-01-16 21:33:41 +1100
Processing by AuthorsController#index as HTML
  Rendering authors/index.html.erb within layouts/application
  [1m[36mAuthor Load (0.4ms)[0m  [1m[34mSELECT "authors".* FROM "authors"[0m
  ↳ app/views/authors/index.html.erb:3
  Rendered authors/index.html.erb within layouts/application (71.6ms)
Completed 200 OK in 99ms (Views: 39.8ms | ActiveRecord: 53.5ms)


Started GET "/authors" for 127.0.0.1 at 2019-01-17 14:24:02 +1100
Processing by AuthorsController#index as HTML
  Rendering authors/index.html.erb within layouts/application
  [1m[36mAuthor Load (3.0ms)[0m  [1m[34mSELECT "authors".* FROM "authors"[0m
  ↳ app/views/authors/index.html.erb:3
  Rendered authors/index.html.erb within layouts/application (250.8ms)
Completed 200 OK in 321ms (Views: 73.1ms | ActiveRecord: 233.1ms)


Started GET "/authors/new" for 127.0.0.1 at 2019-01-17 14:24:06 +1100
Processing by AuthorsController#new as HTML
  Rendering authors/new.html.erb within layouts/application
  Rendered authors/new.html.erb within layouts/application (0.4ms)
Completed 200 OK in 33ms (Views: 30.2ms | ActiveRecord: 0.0ms)


Started GET "/authors" for 127.0.0.1 at 2019-01-17 14:24:07 +1100
Processing by AuthorsController#index as HTML
  Rendering authors/index.html.erb within layouts/application
  [1m[36mAuthor Load (0.9ms)[0m  [1m[34mSELECT "authors".* FROM "authors"[0m
  ↳ app/views/authors/index.html.erb:3
  Rendered authors/index.html.erb within layouts/application (4.8ms)
Completed 200 OK in 51ms (Views: 41.9ms | ActiveRecord: 0.9ms)


