  [1m[35m (1040.1ms)[0m  [1m[35mCREATE DATABASE "tunr_development" ENCODING = 'unicode'[0m
  ↳ bin/rails:9
  [1m[35m (797.5ms)[0m  [1m[35mCREATE DATABASE "tunr_test" ENCODING = 'unicode'[0m
  ↳ bin/rails:9
  [1m[35m (160.5ms)[0m  [1m[35mCREATE TABLE "schema_migrations" ("version" character varying NOT NULL PRIMARY KEY)[0m
  ↳ bin/rails:9
  [1m[35m (10.1ms)[0m  [1m[35mCREATE TABLE "ar_internal_metadata" ("key" character varying NOT NULL PRIMARY KEY, "value" character varying, "created_at" timestamp NOT NULL, "updated_at" timestamp NOT NULL)[0m
  ↳ bin/rails:9
  [1m[35m (2.9ms)[0m  [1m[34mSELECT pg_try_advisory_lock(5870676503668667565)[0m
  ↳ bin/rails:9
  [1m[35m (49.2ms)[0m  [1m[34mSELECT "schema_migrations"."version" FROM "schema_migrations" ORDER BY "schema_migrations"."version" ASC[0m
  ↳ bin/rails:9
Migrating to CreateSongs (20190116233331)
  [1m[35m (0.3ms)[0m  [1m[35mBEGIN[0m
  ↳ bin/rails:9
  [1m[35m (19.7ms)[0m  [1m[35mCREATE TABLE "songs" ("id" bigserial primary key, "title" text, "artist_id" integer, "album_id" integer, "created_at" timestamp NOT NULL, "updated_at" timestamp NOT NULL)[0m
  ↳ db/migrate/20190116233331_create_songs.rb:3
  [1m[36mActiveRecord::SchemaMigration Create (4.8ms)[0m  [1m[32mINSERT INTO "schema_migrations" ("version") VALUES ($1) RETURNING "version"[0m  [["version", "20190116233331"]]
  ↳ bin/rails:9
  [1m[35m (6.8ms)[0m  [1m[35mCOMMIT[0m
  ↳ bin/rails:9
  [1m[36mActiveRecord::InternalMetadata Load (123.5ms)[0m  [1m[34mSELECT  "ar_internal_metadata".* FROM "ar_internal_metadata" WHERE "ar_internal_metadata"."key" = $1 LIMIT $2[0m  [["key", "environment"], ["LIMIT", 1]]
  ↳ bin/rails:9
  [1m[35m (0.2ms)[0m  [1m[35mBEGIN[0m
  ↳ bin/rails:9
  [1m[36mActiveRecord::InternalMetadata Create (6.5ms)[0m  [1m[32mINSERT INTO "ar_internal_metadata" ("key", "value", "created_at", "updated_at") VALUES ($1, $2, $3, $4) RETURNING "key"[0m  [["key", "environment"], ["value", "development"], ["created_at", "2019-01-16 23:35:23.456586"], ["updated_at", "2019-01-16 23:35:23.456586"]]
  ↳ bin/rails:9
  [1m[35m (3.4ms)[0m  [1m[35mCOMMIT[0m
  ↳ bin/rails:9
  [1m[35m (0.4ms)[0m  [1m[34mSELECT pg_advisory_unlock(5870676503668667565)[0m
  ↳ bin/rails:9
  [1m[35m (0.8ms)[0m  [1m[34mSELECT "schema_migrations"."version" FROM "schema_migrations" ORDER BY "schema_migrations"."version" ASC[0m
  ↳ bin/rails:9
  [1m[35m (1.4ms)[0m  [1m[34mSELECT "schema_migrations"."version" FROM "schema_migrations" ORDER BY "schema_migrations"."version" ASC[0m
  ↳ /Users/DavidPearl/.rvm/gems/ruby-2.5.3/bin/annotate:23
  [1m[35m (0.3ms)[0m  [1m[34mSELECT pg_try_advisory_lock(5870676503668667565)[0m
  ↳ bin/rails:9
  [1m[35m (1.4ms)[0m  [1m[34mSELECT "schema_migrations"."version" FROM "schema_migrations" ORDER BY "schema_migrations"."version" ASC[0m
  ↳ bin/rails:9
Migrating to CreateArtists (20190116233800)
  [1m[35m (0.4ms)[0m  [1m[35mBEGIN[0m
  ↳ bin/rails:9
  [1m[35m (14.3ms)[0m  [1m[35mCREATE TABLE "artists" ("id" bigserial primary key, "name" text, "image" text, "created_at" timestamp NOT NULL, "updated_at" timestamp NOT NULL)[0m
  ↳ db/migrate/20190116233800_create_artists.rb:3
  [1m[36mActiveRecord::SchemaMigration Create (0.8ms)[0m  [1m[32mINSERT INTO "schema_migrations" ("version") VALUES ($1) RETURNING "version"[0m  [["version", "20190116233800"]]
  ↳ bin/rails:9
  [1m[35m (2.6ms)[0m  [1m[35mCOMMIT[0m
  ↳ bin/rails:9
  [1m[36mActiveRecord::InternalMetadata Load (1.0ms)[0m  [1m[34mSELECT  "ar_internal_metadata".* FROM "ar_internal_metadata" WHERE "ar_internal_metadata"."key" = $1 LIMIT $2[0m  [["key", "environment"], ["LIMIT", 1]]
  ↳ bin/rails:9
  [1m[35m (0.6ms)[0m  [1m[35mBEGIN[0m
  ↳ bin/rails:9
  [1m[35m (11.3ms)[0m  [1m[35mCOMMIT[0m
  ↳ bin/rails:9
  [1m[35m (44.4ms)[0m  [1m[34mSELECT pg_advisory_unlock(5870676503668667565)[0m
  ↳ bin/rails:9
  [1m[35m (13.7ms)[0m  [1m[34mSELECT "schema_migrations"."version" FROM "schema_migrations" ORDER BY "schema_migrations"."version" ASC[0m
  ↳ bin/rails:9
  [1m[35m (9.1ms)[0m  [1m[34mSELECT "schema_migrations"."version" FROM "schema_migrations" ORDER BY "schema_migrations"."version" ASC[0m
  ↳ /Users/DavidPearl/.rvm/gems/ruby-2.5.3/bin/annotate:23
  [1m[35m (0.3ms)[0m  [1m[34mSELECT pg_try_advisory_lock(5870676503668667565)[0m
  ↳ bin/rails:9
  [1m[35m (0.9ms)[0m  [1m[34mSELECT "schema_migrations"."version" FROM "schema_migrations" ORDER BY "schema_migrations"."version" ASC[0m
  ↳ bin/rails:9
Migrating to CreateGenres (20190116234320)
  [1m[35m (0.2ms)[0m  [1m[35mBEGIN[0m
  ↳ bin/rails:9
  [1m[35m (7.3ms)[0m  [1m[35mCREATE TABLE "genres" ("id" bigserial primary key, "name" text, "created_at" timestamp NOT NULL, "updated_at" timestamp NOT NULL)[0m
  ↳ db/migrate/20190116234320_create_genres.rb:3
  [1m[36mActiveRecord::SchemaMigration Create (0.6ms)[0m  [1m[32mINSERT INTO "schema_migrations" ("version") VALUES ($1) RETURNING "version"[0m  [["version", "20190116234320"]]
  ↳ bin/rails:9
  [1m[35m (0.6ms)[0m  [1m[35mCOMMIT[0m
  ↳ bin/rails:9
  [1m[36mActiveRecord::InternalMetadata Load (0.8ms)[0m  [1m[34mSELECT  "ar_internal_metadata".* FROM "ar_internal_metadata" WHERE "ar_internal_metadata"."key" = $1 LIMIT $2[0m  [["key", "environment"], ["LIMIT", 1]]
  ↳ bin/rails:9
  [1m[35m (0.6ms)[0m  [1m[35mBEGIN[0m
  ↳ bin/rails:9
  [1m[35m (0.3ms)[0m  [1m[35mCOMMIT[0m
  ↳ bin/rails:9
  [1m[35m (0.5ms)[0m  [1m[34mSELECT pg_advisory_unlock(5870676503668667565)[0m
  ↳ bin/rails:9
  [1m[35m (1.4ms)[0m  [1m[34mSELECT "schema_migrations"."version" FROM "schema_migrations" ORDER BY "schema_migrations"."version" ASC[0m
  ↳ bin/rails:9
  [1m[35m (1.5ms)[0m  [1m[34mSELECT "schema_migrations"."version" FROM "schema_migrations" ORDER BY "schema_migrations"."version" ASC[0m
  ↳ /Users/DavidPearl/.rvm/gems/ruby-2.5.3/bin/annotate:23
  [1m[35m (0.5ms)[0m  [1m[34mSELECT pg_try_advisory_lock(5870676503668667565)[0m
  ↳ bin/rails:9
  [1m[35m (0.9ms)[0m  [1m[34mSELECT "schema_migrations"."version" FROM "schema_migrations" ORDER BY "schema_migrations"."version" ASC[0m
  ↳ bin/rails:9
Migrating to CreateMixtapes (20190116234607)
  [1m[35m (0.3ms)[0m  [1m[35mBEGIN[0m
  ↳ bin/rails:9
  [1m[35m (185.1ms)[0m  [1m[35mCREATE TABLE "mixtapes" ("id" bigserial primary key, "title" text, "user_id" integer, "created_at" timestamp NOT NULL, "updated_at" timestamp NOT NULL)[0m
  ↳ db/migrate/20190116234607_create_mixtapes.rb:3
  [1m[36mActiveRecord::SchemaMigration Create (0.8ms)[0m  [1m[32mINSERT INTO "schema_migrations" ("version") VALUES ($1) RETURNING "version"[0m  [["version", "20190116234607"]]
  ↳ bin/rails:9
  [1m[35m (0.8ms)[0m  [1m[35mCOMMIT[0m
  ↳ bin/rails:9
Migrating to CreateUsers (20190116234629)
  [1m[35m (6.0ms)[0m  [1m[35mBEGIN[0m
  ↳ bin/rails:9
  [1m[35m (11.5ms)[0m  [1m[35mCREATE TABLE "users" ("id" bigserial primary key, "email" text, "created_at" timestamp NOT NULL, "updated_at" timestamp NOT NULL)[0m
  ↳ db/migrate/20190116234629_create_users.rb:3
  [1m[36mActiveRecord::SchemaMigration Create (0.4ms)[0m  [1m[32mINSERT INTO "schema_migrations" ("version") VALUES ($1) RETURNING "version"[0m  [["version", "20190116234629"]]
  ↳ bin/rails:9
  [1m[35m (1.6ms)[0m  [1m[35mCOMMIT[0m
  ↳ bin/rails:9
  [1m[36mActiveRecord::InternalMetadata Load (6.3ms)[0m  [1m[34mSELECT  "ar_internal_metadata".* FROM "ar_internal_metadata" WHERE "ar_internal_metadata"."key" = $1 LIMIT $2[0m  [["key", "environment"], ["LIMIT", 1]]
  ↳ bin/rails:9
  [1m[35m (0.2ms)[0m  [1m[35mBEGIN[0m
  ↳ bin/rails:9
  [1m[35m (0.2ms)[0m  [1m[35mCOMMIT[0m
  ↳ bin/rails:9
  [1m[35m (0.3ms)[0m  [1m[34mSELECT pg_advisory_unlock(5870676503668667565)[0m
  ↳ bin/rails:9
  [1m[35m (1.1ms)[0m  [1m[34mSELECT "schema_migrations"."version" FROM "schema_migrations" ORDER BY "schema_migrations"."version" ASC[0m
  ↳ bin/rails:9
  [1m[35m (1.9ms)[0m  [1m[34mSELECT "schema_migrations"."version" FROM "schema_migrations" ORDER BY "schema_migrations"."version" ASC[0m
  ↳ /Users/DavidPearl/.rvm/gems/ruby-2.5.3/bin/annotate:23
  [1m[35m (0.4ms)[0m  [1m[34mSELECT pg_try_advisory_lock(5870676503668667565)[0m
  ↳ bin/rails:9
  [1m[35m (1.4ms)[0m  [1m[34mSELECT "schema_migrations"."version" FROM "schema_migrations" ORDER BY "schema_migrations"."version" ASC[0m
  ↳ bin/rails:9
Migrating to CreateGenresSongs (20190116234803)
  [1m[35m (0.2ms)[0m  [1m[35mBEGIN[0m
  ↳ bin/rails:9
  [1m[35m (156.2ms)[0m  [1m[35mCREATE TABLE "genres_songs" ("genre_id" integer, "song_id" integer)[0m
  ↳ db/migrate/20190116234803_create_genres_songs.rb:3
  [1m[36mActiveRecord::SchemaMigration Create (2.0ms)[0m  [1m[32mINSERT INTO "schema_migrations" ("version") VALUES ($1) RETURNING "version"[0m  [["version", "20190116234803"]]
  ↳ bin/rails:9
  [1m[35m (2.1ms)[0m  [1m[35mCOMMIT[0m
  ↳ bin/rails:9
Migrating to CreateMixtapesSongs (20190117001800)
  [1m[35m (0.2ms)[0m  [1m[35mBEGIN[0m
  ↳ bin/rails:9
  [1m[35m (1.5ms)[0m  [1m[35mCREATE TABLE "mixtapes_songs" ("mixtape_id" integer, "song_id" integer)[0m
  ↳ db/migrate/20190117001800_create_mixtapes_songs.rb:3
  [1m[36mActiveRecord::SchemaMigration Create (1.0ms)[0m  [1m[32mINSERT INTO "schema_migrations" ("version") VALUES ($1) RETURNING "version"[0m  [["version", "20190117001800"]]
  ↳ bin/rails:9
  [1m[35m (0.6ms)[0m  [1m[35mCOMMIT[0m
  ↳ bin/rails:9
Migrating to CreateAlbums (20190117002824)
  [1m[35m (0.2ms)[0m  [1m[35mBEGIN[0m
  ↳ bin/rails:9
  [1m[35m (128.9ms)[0m  [1m[35mCREATE TABLE "albums" ("id" bigserial primary key, "name" text, "created_at" timestamp NOT NULL, "updated_at" timestamp NOT NULL)[0m
  ↳ db/migrate/20190117002824_create_albums.rb:3
  [1m[36mActiveRecord::SchemaMigration Create (0.5ms)[0m  [1m[32mINSERT INTO "schema_migrations" ("version") VALUES ($1) RETURNING "version"[0m  [["version", "20190117002824"]]
  ↳ bin/rails:9
  [1m[35m (0.7ms)[0m  [1m[35mCOMMIT[0m
  ↳ bin/rails:9
  [1m[36mActiveRecord::InternalMetadata Load (0.9ms)[0m  [1m[34mSELECT  "ar_internal_metadata".* FROM "ar_internal_metadata" WHERE "ar_internal_metadata"."key" = $1 LIMIT $2[0m  [["key", "environment"], ["LIMIT", 1]]
  ↳ bin/rails:9
  [1m[35m (0.2ms)[0m  [1m[35mBEGIN[0m
  ↳ bin/rails:9
  [1m[35m (0.5ms)[0m  [1m[35mCOMMIT[0m
  ↳ bin/rails:9
  [1m[35m (0.4ms)[0m  [1m[34mSELECT pg_advisory_unlock(5870676503668667565)[0m
  ↳ bin/rails:9
  [1m[35m (1.1ms)[0m  [1m[34mSELECT "schema_migrations"."version" FROM "schema_migrations" ORDER BY "schema_migrations"."version" ASC[0m
  ↳ bin/rails:9
  [1m[35m (0.5ms)[0m  [1m[34mSELECT pg_try_advisory_lock(5870676503668667565)[0m
  ↳ bin/rails:9
  [1m[35m (1.2ms)[0m  [1m[34mSELECT "schema_migrations"."version" FROM "schema_migrations" ORDER BY "schema_migrations"."version" ASC[0m
  ↳ bin/rails:9
  [1m[36mActiveRecord::InternalMetadata Load (78.5ms)[0m  [1m[34mSELECT  "ar_internal_metadata".* FROM "ar_internal_metadata" WHERE "ar_internal_metadata"."key" = $1 LIMIT $2[0m  [["key", "environment"], ["LIMIT", 1]]
  ↳ bin/rails:9
  [1m[35m (0.2ms)[0m  [1m[35mBEGIN[0m
  ↳ bin/rails:9
  [1m[35m (0.1ms)[0m  [1m[35mCOMMIT[0m
  ↳ bin/rails:9
  [1m[35m (0.2ms)[0m  [1m[34mSELECT pg_advisory_unlock(5870676503668667565)[0m
  ↳ bin/rails:9
  [1m[35m (0.3ms)[0m  [1m[34mSELECT "schema_migrations"."version" FROM "schema_migrations" ORDER BY "schema_migrations"."version" ASC[0m
  ↳ bin/rails:9
  [1m[35m (4.1ms)[0m  [1m[34mSELECT "schema_migrations"."version" FROM "schema_migrations" ORDER BY "schema_migrations"."version" ASC[0m
  ↳ /Users/DavidPearl/.rvm/gems/ruby-2.5.3/bin/annotate:23
  [1m[35m (0.3ms)[0m  [1m[34mSELECT pg_try_advisory_lock(5870676503668667565)[0m
  ↳ bin/rails:9
  [1m[35m (1.0ms)[0m  [1m[34mSELECT "schema_migrations"."version" FROM "schema_migrations" ORDER BY "schema_migrations"."version" ASC[0m
  ↳ bin/rails:9
Migrating to AddImageToAlbum (20190117005957)
  [1m[35m (0.2ms)[0m  [1m[35mBEGIN[0m
  ↳ bin/rails:9
  [1m[35m (3.2ms)[0m  [1m[35mALTER TABLE "albums" ADD "image" text[0m
  ↳ db/migrate/20190117005957_add_image_to_album.rb:3
  [1m[36mActiveRecord::SchemaMigration Create (0.5ms)[0m  [1m[32mINSERT INTO "schema_migrations" ("version") VALUES ($1) RETURNING "version"[0m  [["version", "20190117005957"]]
  ↳ bin/rails:9
  [1m[35m (0.8ms)[0m  [1m[35mCOMMIT[0m
  ↳ bin/rails:9
  [1m[36mActiveRecord::InternalMetadata Load (0.5ms)[0m  [1m[34mSELECT  "ar_internal_metadata".* FROM "ar_internal_metadata" WHERE "ar_internal_metadata"."key" = $1 LIMIT $2[0m  [["key", "environment"], ["LIMIT", 1]]
  ↳ bin/rails:9
  [1m[35m (0.2ms)[0m  [1m[35mBEGIN[0m
  ↳ bin/rails:9
  [1m[35m (0.3ms)[0m  [1m[35mCOMMIT[0m
  ↳ bin/rails:9
  [1m[35m (0.6ms)[0m  [1m[34mSELECT pg_advisory_unlock(5870676503668667565)[0m
  ↳ bin/rails:9
  [1m[35m (2.0ms)[0m  [1m[34mSELECT "schema_migrations"."version" FROM "schema_migrations" ORDER BY "schema_migrations"."version" ASC[0m
  ↳ bin/rails:9
  [1m[35m (1.3ms)[0m  [1m[34mSELECT "schema_migrations"."version" FROM "schema_migrations" ORDER BY "schema_migrations"."version" ASC[0m
  ↳ /Users/DavidPearl/.rvm/gems/ruby-2.5.3/bin/annotate:23
  [1m[35m (0.3ms)[0m  [1m[34mSELECT pg_try_advisory_lock(5870676503668667565)[0m
  ↳ bin/rails:9
  [1m[35m (1.1ms)[0m  [1m[34mSELECT "schema_migrations"."version" FROM "schema_migrations" ORDER BY "schema_migrations"."version" ASC[0m
  ↳ bin/rails:9
Migrating to AddPasswordDigestToUsers (20190117012100)
  [1m[35m (0.2ms)[0m  [1m[35mBEGIN[0m
  ↳ bin/rails:9
  [1m[35m (1.9ms)[0m  [1m[35mALTER TABLE "users" ADD "password_digest" text[0m
  ↳ db/migrate/20190117012100_add_password_digest_to_users.rb:3
  [1m[36mActiveRecord::SchemaMigration Create (0.4ms)[0m  [1m[32mINSERT INTO "schema_migrations" ("version") VALUES ($1) RETURNING "version"[0m  [["version", "20190117012100"]]
  ↳ bin/rails:9
  [1m[35m (1.0ms)[0m  [1m[35mCOMMIT[0m
  ↳ bin/rails:9
  [1m[36mActiveRecord::InternalMetadata Load (144.3ms)[0m  [1m[34mSELECT  "ar_internal_metadata".* FROM "ar_internal_metadata" WHERE "ar_internal_metadata"."key" = $1 LIMIT $2[0m  [["key", "environment"], ["LIMIT", 1]]
  ↳ bin/rails:9
  [1m[35m (0.2ms)[0m  [1m[35mBEGIN[0m
  ↳ bin/rails:9
  [1m[35m (0.2ms)[0m  [1m[35mCOMMIT[0m
  ↳ bin/rails:9
  [1m[35m (0.3ms)[0m  [1m[34mSELECT pg_advisory_unlock(5870676503668667565)[0m
  ↳ bin/rails:9
  [1m[35m (0.4ms)[0m  [1m[34mSELECT "schema_migrations"."version" FROM "schema_migrations" ORDER BY "schema_migrations"."version" ASC[0m
  ↳ bin/rails:9
  [1m[35m (0.2ms)[0m  [1m[35mBEGIN[0m
  [1m[36mUser Create (1.5ms)[0m  [1m[32mINSERT INTO "users" ("email", "created_at", "updated_at", "password_digest") VALUES ($1, $2, $3, $4) RETURNING "id"[0m  [["email", "jt@ga.com"], ["created_at", "2019-01-17 01:26:01.248968"], ["updated_at", "2019-01-17 01:26:01.248968"], ["password_digest", "$2a$10$NU93AEeot.WeBgrpxZHs.OCH/dgSJySfjPjBiqAiscB.b19lRroEa"]]
  [1m[35m (0.5ms)[0m  [1m[35mCOMMIT[0m
  [1m[35m (1.1ms)[0m  [1m[34mSELECT "schema_migrations"."version" FROM "schema_migrations" ORDER BY "schema_migrations"."version" ASC[0m
  ↳ bin/rails:9
  [1m[36mUser Load (0.9ms)[0m  [1m[34mSELECT "users".* FROM "users"[0m
  ↳ db/seeds.rb:9
  [1m[35m (0.2ms)[0m  [1m[35mBEGIN[0m
  ↳ db/seeds.rb:9
  [1m[36mUser Destroy (1.4ms)[0m  [1m[31mDELETE FROM "users" WHERE "users"."id" = $1[0m  [["id", 1]]
  ↳ db/seeds.rb:9
  [1m[35m (0.7ms)[0m  [1m[35mCOMMIT[0m
  ↳ db/seeds.rb:9
  [1m[35m (0.3ms)[0m  [1m[35mBEGIN[0m
  ↳ db/seeds.rb:11
  [1m[36mUser Create (0.7ms)[0m  [1m[32mINSERT INTO "users" ("email", "created_at", "updated_at", "password_digest") VALUES ($1, $2, $3, $4) RETURNING "id"[0m  [["email", "craigsy@ga.co"], ["created_at", "2019-01-17 01:51:37.848166"], ["updated_at", "2019-01-17 01:51:37.848166"], ["password_digest", "$2a$10$YoXogYM/6aFn/A6JHq/VGOO4LjBqRnjaGics1BUqMStTBEWUGJ/EW"]]
  ↳ db/seeds.rb:11
  [1m[35m (1.2ms)[0m  [1m[35mCOMMIT[0m
  ↳ db/seeds.rb:11
  [1m[35m (0.2ms)[0m  [1m[35mBEGIN[0m
  ↳ db/seeds.rb:12
  [1m[36mUser Create (0.3ms)[0m  [1m[32mINSERT INTO "users" ("email", "created_at", "updated_at", "password_digest") VALUES ($1, $2, $3, $4) RETURNING "id"[0m  [["email", "jonesy@ga.co"], ["created_at", "2019-01-17 01:51:37.915737"], ["updated_at", "2019-01-17 01:51:37.915737"], ["password_digest", "$2a$10$cWgQquIlYyfOCC6gyn3DDecB4sdsCSlf8/PD15rWe6sMArbhDdQey"]]
  ↳ db/seeds.rb:12
  [1m[35m (1.4ms)[0m  [1m[35mCOMMIT[0m
  ↳ db/seeds.rb:12
  [1m[36mSong Load (1.8ms)[0m  [1m[34mSELECT "songs".* FROM "songs"[0m
  ↳ db/seeds.rb:14
  [1m[35m (0.2ms)[0m  [1m[35mBEGIN[0m
  ↳ db/seeds.rb:15
  [1m[36mSong Create (0.7ms)[0m  [1m[32mINSERT INTO "songs" ("title", "created_at", "updated_at") VALUES ($1, $2, $3) RETURNING "id"[0m  [["title", "Have A Safe Trip Dear"], ["created_at", "2019-01-17 01:51:37.941180"], ["updated_at", "2019-01-17 01:51:37.941180"]]
  ↳ db/seeds.rb:15
  [1m[35m (0.4ms)[0m  [1m[35mCOMMIT[0m
  ↳ db/seeds.rb:15
  [1m[35m (0.1ms)[0m  [1m[35mBEGIN[0m
  ↳ db/seeds.rb:16
  [1m[36mSong Create (0.3ms)[0m  [1m[32mINSERT INTO "songs" ("title", "created_at", "updated_at") VALUES ($1, $2, $3) RETURNING "id"[0m  [["title", "Toxic"], ["created_at", "2019-01-17 01:51:37.943832"], ["updated_at", "2019-01-17 01:51:37.943832"]]
  ↳ db/seeds.rb:16
  [1m[35m (0.4ms)[0m  [1m[35mCOMMIT[0m
  ↳ db/seeds.rb:16
  [1m[35m (0.1ms)[0m  [1m[35mBEGIN[0m
  ↳ db/seeds.rb:17
  [1m[36mSong Create (0.3ms)[0m  [1m[32mINSERT INTO "songs" ("title", "created_at", "updated_at") VALUES ($1, $2, $3) RETURNING "id"[0m  [["title", "Don't Ask Me To Dance"], ["created_at", "2019-01-17 01:51:37.945887"], ["updated_at", "2019-01-17 01:51:37.945887"]]
  ↳ db/seeds.rb:17
  [1m[35m (0.4ms)[0m  [1m[35mCOMMIT[0m
  ↳ db/seeds.rb:17
  [1m[35m (0.1ms)[0m  [1m[35mBEGIN[0m
  ↳ db/seeds.rb:18
  [1m[36mSong Create (0.3ms)[0m  [1m[32mINSERT INTO "songs" ("title", "created_at", "updated_at") VALUES ($1, $2, $3) RETURNING "id"[0m  [["title", "Gut Feeling"], ["created_at", "2019-01-17 01:51:37.947975"], ["updated_at", "2019-01-17 01:51:37.947975"]]
  ↳ db/seeds.rb:18
  [1m[35m (0.4ms)[0m  [1m[35mCOMMIT[0m
  ↳ db/seeds.rb:18
  [1m[36mAlbum Load (0.9ms)[0m  [1m[34mSELECT "albums".* FROM "albums"[0m
  ↳ db/seeds.rb:20
  [1m[35m (0.4ms)[0m  [1m[34mSELECT pg_try_advisory_lock(5870676503668667565)[0m
  ↳ bin/rails:9
  [1m[35m (6.5ms)[0m  [1m[34mSELECT "schema_migrations"."version" FROM "schema_migrations" ORDER BY "schema_migrations"."version" ASC[0m
  ↳ bin/rails:9
Migrating to AddTitleToAlbum (20190117015505)
  [1m[35m (0.2ms)[0m  [1m[35mBEGIN[0m
  ↳ bin/rails:9
  [1m[35m (1.0ms)[0m  [1m[35mALTER TABLE "albums" ADD "title" text[0m
  ↳ db/migrate/20190117015505_add_title_to_album.rb:3
  [1m[36mActiveRecord::SchemaMigration Create (0.4ms)[0m  [1m[32mINSERT INTO "schema_migrations" ("version") VALUES ($1) RETURNING "version"[0m  [["version", "20190117015505"]]
  ↳ bin/rails:9
  [1m[35m (0.7ms)[0m  [1m[35mCOMMIT[0m
  ↳ bin/rails:9
  [1m[36mActiveRecord::InternalMetadata Load (0.6ms)[0m  [1m[34mSELECT  "ar_internal_metadata".* FROM "ar_internal_metadata" WHERE "ar_internal_metadata"."key" = $1 LIMIT $2[0m  [["key", "environment"], ["LIMIT", 1]]
  ↳ bin/rails:9
  [1m[35m (0.2ms)[0m  [1m[35mBEGIN[0m
  ↳ bin/rails:9
  [1m[35m (0.2ms)[0m  [1m[35mCOMMIT[0m
  ↳ bin/rails:9
  [1m[35m (0.3ms)[0m  [1m[34mSELECT pg_advisory_unlock(5870676503668667565)[0m
  ↳ bin/rails:9
  [1m[35m (0.7ms)[0m  [1m[34mSELECT "schema_migrations"."version" FROM "schema_migrations" ORDER BY "schema_migrations"."version" ASC[0m
  ↳ bin/rails:9
  [1m[35m (1.0ms)[0m  [1m[34mSELECT "schema_migrations"."version" FROM "schema_migrations" ORDER BY "schema_migrations"."version" ASC[0m
  ↳ bin/rails:9
  [1m[36mUser Load (25.9ms)[0m  [1m[34mSELECT "users".* FROM "users"[0m
  ↳ db/seeds.rb:9
  [1m[35m (0.3ms)[0m  [1m[35mBEGIN[0m
  ↳ db/seeds.rb:9
  [1m[36mUser Destroy (0.7ms)[0m  [1m[31mDELETE FROM "users" WHERE "users"."id" = $1[0m  [["id", 2]]
  ↳ db/seeds.rb:9
  [1m[35m (0.5ms)[0m  [1m[35mCOMMIT[0m
  ↳ db/seeds.rb:9
  [1m[35m (0.2ms)[0m  [1m[35mBEGIN[0m
  ↳ db/seeds.rb:9
  [1m[36mUser Destroy (0.3ms)[0m  [1m[31mDELETE FROM "users" WHERE "users"."id" = $1[0m  [["id", 3]]
  ↳ db/seeds.rb:9
  [1m[35m (0.5ms)[0m  [1m[35mCOMMIT[0m
  ↳ db/seeds.rb:9
  [1m[35m (0.3ms)[0m  [1m[35mBEGIN[0m
  ↳ db/seeds.rb:11
  [1m[36mUser Create (0.6ms)[0m  [1m[32mINSERT INTO "users" ("email", "created_at", "updated_at", "password_digest") VALUES ($1, $2, $3, $4) RETURNING "id"[0m  [["email", "craigsy@ga.co"], ["created_at", "2019-01-17 01:55:31.382548"], ["updated_at", "2019-01-17 01:55:31.382548"], ["password_digest", "$2a$10$mritKkbZ9PHWen.bOPCb5OHtA4mZYk8hX81nPIMeDro097XZ/116q"]]
  ↳ db/seeds.rb:11
  [1m[35m (1.3ms)[0m  [1m[35mCOMMIT[0m
  ↳ db/seeds.rb:11
  [1m[35m (0.2ms)[0m  [1m[35mBEGIN[0m
  ↳ db/seeds.rb:12
  [1m[36mUser Create (0.8ms)[0m  [1m[32mINSERT INTO "users" ("email", "created_at", "updated_at", "password_digest") VALUES ($1, $2, $3, $4) RETURNING "id"[0m  [["email", "jonesy@ga.co"], ["created_at", "2019-01-17 01:55:31.448492"], ["updated_at", "2019-01-17 01:55:31.448492"], ["password_digest", "$2a$10$zMpLqhg1zqXrDwTkrMBXrOdi.mCK0tTXN.ww68M41OzmEhGjr8Zhe"]]
  ↳ db/seeds.rb:12
  [1m[35m (1.4ms)[0m  [1m[35mCOMMIT[0m
  ↳ db/seeds.rb:12
  [1m[36mSong Load (0.8ms)[0m  [1m[34mSELECT "songs".* FROM "songs"[0m
  ↳ db/seeds.rb:14
  [1m[35m (0.4ms)[0m  [1m[35mBEGIN[0m
  ↳ db/seeds.rb:14
  [1m[36mSong::HABTM_Mixtapes Destroy (1.5ms)[0m  [1m[31mDELETE FROM "mixtapes_songs" WHERE "mixtapes_songs"."song_id" = $1[0m  [["song_id", 1]]
  ↳ db/seeds.rb:14
  [1m[36mSong::HABTM_Genres Destroy (0.7ms)[0m  [1m[31mDELETE FROM "genres_songs" WHERE "genres_songs"."song_id" = $1[0m  [["song_id", 1]]
  ↳ db/seeds.rb:14
  [1m[36mSong Destroy (0.6ms)[0m  [1m[31mDELETE FROM "songs" WHERE "songs"."id" = $1[0m  [["id", 1]]
  ↳ db/seeds.rb:14
  [1m[35m (0.5ms)[0m  [1m[35mCOMMIT[0m
  ↳ db/seeds.rb:14
  [1m[35m (0.2ms)[0m  [1m[35mBEGIN[0m
  ↳ db/seeds.rb:14
  [1m[36mSong::HABTM_Mixtapes Destroy (0.4ms)[0m  [1m[31mDELETE FROM "mixtapes_songs" WHERE "mixtapes_songs"."song_id" = $1[0m  [["song_id", 2]]
  ↳ db/seeds.rb:14
  [1m[36mSong::HABTM_Genres Destroy (0.4ms)[0m  [1m[31mDELETE FROM "genres_songs" WHERE "genres_songs"."song_id" = $1[0m  [["song_id", 2]]
  ↳ db/seeds.rb:14
  [1m[36mSong Destroy (0.5ms)[0m  [1m[31mDELETE FROM "songs" WHERE "songs"."id" = $1[0m  [["id", 2]]
  ↳ db/seeds.rb:14
  [1m[35m (0.4ms)[0m  [1m[35mCOMMIT[0m
  ↳ db/seeds.rb:14
  [1m[35m (0.2ms)[0m  [1m[35mBEGIN[0m
  ↳ db/seeds.rb:14
  [1m[36mSong::HABTM_Mixtapes Destroy (0.4ms)[0m  [1m[31mDELETE FROM "mixtapes_songs" WHERE "mixtapes_songs"."song_id" = $1[0m  [["song_id", 3]]
  ↳ db/seeds.rb:14
  [1m[36mSong::HABTM_Genres Destroy (0.4ms)[0m  [1m[31mDELETE FROM "genres_songs" WHERE "genres_songs"."song_id" = $1[0m  [["song_id", 3]]
  ↳ db/seeds.rb:14
  [1m[36mSong Destroy (0.5ms)[0m  [1m[31mDELETE FROM "songs" WHERE "songs"."id" = $1[0m  [["id", 3]]
  ↳ db/seeds.rb:14
  [1m[35m (0.4ms)[0m  [1m[35mCOMMIT[0m
  ↳ db/seeds.rb:14
  [1m[35m (0.2ms)[0m  [1m[35mBEGIN[0m
  ↳ db/seeds.rb:14
  [1m[36mSong::HABTM_Mixtapes Destroy (0.4ms)[0m  [1m[31mDELETE FROM "mixtapes_songs" WHERE "mixtapes_songs"."song_id" = $1[0m  [["song_id", 4]]
  ↳ db/seeds.rb:14
  [1m[36mSong::HABTM_Genres Destroy (0.4ms)[0m  [1m[31mDELETE FROM "genres_songs" WHERE "genres_songs"."song_id" = $1[0m  [["song_id", 4]]
  ↳ db/seeds.rb:14
  [1m[36mSong Destroy (0.5ms)[0m  [1m[31mDELETE FROM "songs" WHERE "songs"."id" = $1[0m  [["id", 4]]
  ↳ db/seeds.rb:14
  [1m[35m (0.6ms)[0m  [1m[35mCOMMIT[0m
  ↳ db/seeds.rb:14
  [1m[35m (0.2ms)[0m  [1m[35mBEGIN[0m
  ↳ db/seeds.rb:15
  [1m[36mSong Create (0.6ms)[0m  [1m[32mINSERT INTO "songs" ("title", "created_at", "updated_at") VALUES ($1, $2, $3) RETURNING "id"[0m  [["title", "Have A Safe Trip Dear"], ["created_at", "2019-01-17 01:55:32.001439"], ["updated_at", "2019-01-17 01:55:32.001439"]]
  ↳ db/seeds.rb:15
  [1m[35m (0.4ms)[0m  [1m[35mCOMMIT[0m
  ↳ db/seeds.rb:15
  [1m[35m (0.2ms)[0m  [1m[35mBEGIN[0m
  ↳ db/seeds.rb:16
  [1m[36mSong Create (0.5ms)[0m  [1m[32mINSERT INTO "songs" ("title", "created_at", "updated_at") VALUES ($1, $2, $3) RETURNING "id"[0m  [["title", "Toxic"], ["created_at", "2019-01-17 01:55:32.005935"], ["updated_at", "2019-01-17 01:55:32.005935"]]
  ↳ db/seeds.rb:16
  [1m[35m (0.5ms)[0m  [1m[35mCOMMIT[0m
  ↳ db/seeds.rb:16
  [1m[35m (0.3ms)[0m  [1m[35mBEGIN[0m
  ↳ db/seeds.rb:17
  [1m[36mSong Create (0.5ms)[0m  [1m[32mINSERT INTO "songs" ("title", "created_at", "updated_at") VALUES ($1, $2, $3) RETURNING "id"[0m  [["title", "Don't Ask Me To Dance"], ["created_at", "2019-01-17 01:55:32.010124"], ["updated_at", "2019-01-17 01:55:32.010124"]]
  ↳ db/seeds.rb:17
  [1m[35m (0.4ms)[0m  [1m[35mCOMMIT[0m
  ↳ db/seeds.rb:17
  [1m[35m (0.2ms)[0m  [1m[35mBEGIN[0m
  ↳ db/seeds.rb:18
  [1m[36mSong Create (0.5ms)[0m  [1m[32mINSERT INTO "songs" ("title", "created_at", "updated_at") VALUES ($1, $2, $3) RETURNING "id"[0m  [["title", "Gut Feeling"], ["created_at", "2019-01-17 01:55:32.014079"], ["updated_at", "2019-01-17 01:55:32.014079"]]
  ↳ db/seeds.rb:18
  [1m[35m (0.4ms)[0m  [1m[35mCOMMIT[0m
  ↳ db/seeds.rb:18
  [1m[36mAlbum Load (1.1ms)[0m  [1m[34mSELECT "albums".* FROM "albums"[0m
  ↳ db/seeds.rb:20
  [1m[35m (1.8ms)[0m  [1m[35mBEGIN[0m
  ↳ db/seeds.rb:21
  [1m[36mAlbum Create (2.0ms)[0m  [1m[32mINSERT INTO "albums" ("created_at", "updated_at", "title") VALUES ($1, $2, $3) RETURNING "id"[0m  [["created_at", "2019-01-17 01:55:32.050033"], ["updated_at", "2019-01-17 01:55:32.050033"], ["title", "Engine Takes To The Water"]]
  ↳ db/seeds.rb:21
  [1m[35m (0.5ms)[0m  [1m[35mCOMMIT[0m
  ↳ db/seeds.rb:21
  [1m[35m (0.2ms)[0m  [1m[35mBEGIN[0m
  ↳ db/seeds.rb:22
  [1m[36mAlbum Create (0.6ms)[0m  [1m[32mINSERT INTO "albums" ("created_at", "updated_at", "title") VALUES ($1, $2, $3) RETURNING "id"[0m  [["created_at", "2019-01-17 01:55:32.056652"], ["updated_at", "2019-01-17 01:55:32.056652"], ["title", "In The Zone"]]
  ↳ db/seeds.rb:22
  [1m[35m (0.5ms)[0m  [1m[35mCOMMIT[0m
  ↳ db/seeds.rb:22
  [1m[35m (0.2ms)[0m  [1m[35mBEGIN[0m
  ↳ db/seeds.rb:23
  [1m[36mAlbum Create (1.0ms)[0m  [1m[32mINSERT INTO "albums" ("created_at", "updated_at", "title") VALUES ($1, $2, $3) RETURNING "id"[0m  [["created_at", "2019-01-17 01:55:32.061062"], ["updated_at", "2019-01-17 01:55:32.061062"], ["title", "The Last Romance"]]
  ↳ db/seeds.rb:23
  [1m[35m (0.5ms)[0m  [1m[35mCOMMIT[0m
  ↳ db/seeds.rb:23
  [1m[35m (0.3ms)[0m  [1m[35mBEGIN[0m
  ↳ db/seeds.rb:24
  [1m[36mAlbum Create (0.5ms)[0m  [1m[32mINSERT INTO "albums" ("created_at", "updated_at", "title") VALUES ($1, $2, $3) RETURNING "id"[0m  [["created_at", "2019-01-17 01:55:32.067111"], ["updated_at", "2019-01-17 01:55:32.067111"], ["title", "Are We Not Men? We Are Devo"]]
  ↳ db/seeds.rb:24
  [1m[35m (0.6ms)[0m  [1m[35mCOMMIT[0m
  ↳ db/seeds.rb:24
  [1m[36mArtist Load (27.6ms)[0m  [1m[34mSELECT "artists".* FROM "artists"[0m
  ↳ db/seeds.rb:26
  [1m[35m (0.2ms)[0m  [1m[35mBEGIN[0m
  ↳ db/seeds.rb:27
  [1m[36mArtist Create (0.8ms)[0m  [1m[32mINSERT INTO "artists" ("name", "created_at", "updated_at") VALUES ($1, $2, $3) RETURNING "id"[0m  [["name", "June of 44"], ["created_at", "2019-01-17 01:55:32.122979"], ["updated_at", "2019-01-17 01:55:32.122979"]]
  ↳ db/seeds.rb:27
  [1m[35m (0.4ms)[0m  [1m[35mCOMMIT[0m
  ↳ db/seeds.rb:27
  [1m[35m (0.2ms)[0m  [1m[35mBEGIN[0m
  ↳ db/seeds.rb:28
  [1m[36mArtist Create (0.4ms)[0m  [1m[32mINSERT INTO "artists" ("name", "created_at", "updated_at") VALUES ($1, $2, $3) RETURNING "id"[0m  [["name", "Britney Spears"], ["created_at", "2019-01-17 01:55:32.127083"], ["updated_at", "2019-01-17 01:55:32.127083"]]
  ↳ db/seeds.rb:28
  [1m[35m (2.6ms)[0m  [1m[35mCOMMIT[0m
  ↳ db/seeds.rb:28
  [1m[35m (4.3ms)[0m  [1m[35mBEGIN[0m
  ↳ db/seeds.rb:29
  [1m[36mArtist Create (0.5ms)[0m  [1m[32mINSERT INTO "artists" ("name", "created_at", "updated_at") VALUES ($1, $2, $3) RETURNING "id"[0m  [["name", "Arab Strap"], ["created_at", "2019-01-17 01:55:32.137462"], ["updated_at", "2019-01-17 01:55:32.137462"]]
  ↳ db/seeds.rb:29
  [1m[35m (0.5ms)[0m  [1m[35mCOMMIT[0m
  ↳ db/seeds.rb:29
  [1m[35m (0.2ms)[0m  [1m[35mBEGIN[0m
  ↳ db/seeds.rb:30
  [1m[36mArtist Create (0.4ms)[0m  [1m[32mINSERT INTO "artists" ("name", "created_at", "updated_at") VALUES ($1, $2, $3) RETURNING "id"[0m  [["name", "Devo"], ["created_at", "2019-01-17 01:55:32.141303"], ["updated_at", "2019-01-17 01:55:32.141303"]]
  ↳ db/seeds.rb:30
  [1m[35m (0.4ms)[0m  [1m[35mCOMMIT[0m
  ↳ db/seeds.rb:30
  [1m[36mGenre Load (1.0ms)[0m  [1m[34mSELECT "genres".* FROM "genres"[0m
  ↳ db/seeds.rb:32
  [1m[35m (0.4ms)[0m  [1m[35mBEGIN[0m
  ↳ db/seeds.rb:33
  [1m[36mGenre Create (1.0ms)[0m  [1m[32mINSERT INTO "genres" ("name", "created_at", "updated_at") VALUES ($1, $2, $3) RETURNING "id"[0m  [["name", "Nautical Text Rock"], ["created_at", "2019-01-17 01:55:32.161760"], ["updated_at", "2019-01-17 01:55:32.161760"]]
  ↳ db/seeds.rb:33
  [1m[35m (0.5ms)[0m  [1m[35mCOMMIT[0m
  ↳ db/seeds.rb:33
  [1m[35m (0.2ms)[0m  [1m[35mBEGIN[0m
  ↳ db/seeds.rb:34
  [1m[36mGenre Create (0.5ms)[0m  [1m[32mINSERT INTO "genres" ("name", "created_at", "updated_at") VALUES ($1, $2, $3) RETURNING "id"[0m  [["name", "Nautical Math Rock"], ["created_at", "2019-01-17 01:55:32.166388"], ["updated_at", "2019-01-17 01:55:32.166388"]]
  ↳ db/seeds.rb:34
  [1m[35m (0.5ms)[0m  [1m[35mCOMMIT[0m
  ↳ db/seeds.rb:34
  [1m[35m (0.3ms)[0m  [1m[35mBEGIN[0m
  ↳ db/seeds.rb:35
  [1m[36mGenre Create (0.5ms)[0m  [1m[32mINSERT INTO "genres" ("name", "created_at", "updated_at") VALUES ($1, $2, $3) RETURNING "id"[0m  [["name", "Bollywood Bubblegum Pop"], ["created_at", "2019-01-17 01:55:32.170221"], ["updated_at", "2019-01-17 01:55:32.170221"]]
  ↳ db/seeds.rb:35
  [1m[35m (0.5ms)[0m  [1m[35mCOMMIT[0m
  ↳ db/seeds.rb:35
  [1m[35m (0.2ms)[0m  [1m[35mBEGIN[0m
  ↳ db/seeds.rb:36
  [1m[36mGenre Create (0.5ms)[0m  [1m[32mINSERT INTO "genres" ("name", "created_at", "updated_at") VALUES ($1, $2, $3) RETURNING "id"[0m  [["name", "Folk Rock"], ["created_at", "2019-01-17 01:55:32.174223"], ["updated_at", "2019-01-17 01:55:32.174223"]]
  ↳ db/seeds.rb:36
  [1m[35m (0.4ms)[0m  [1m[35mCOMMIT[0m
  ↳ db/seeds.rb:36
  [1m[35m (0.3ms)[0m  [1m[35mBEGIN[0m
  ↳ db/seeds.rb:37
  [1m[36mGenre Create (0.5ms)[0m  [1m[32mINSERT INTO "genres" ("name", "created_at", "updated_at") VALUES ($1, $2, $3) RETURNING "id"[0m  [["name", "Scottish Misery Rock"], ["created_at", "2019-01-17 01:55:32.178216"], ["updated_at", "2019-01-17 01:55:32.178216"]]
  ↳ db/seeds.rb:37
  [1m[35m (0.9ms)[0m  [1m[35mCOMMIT[0m
  ↳ db/seeds.rb:37
  [1m[35m (0.2ms)[0m  [1m[35mBEGIN[0m
  ↳ db/seeds.rb:38
  [1m[36mGenre Create (0.5ms)[0m  [1m[32mINSERT INTO "genres" ("name", "created_at", "updated_at") VALUES ($1, $2, $3) RETURNING "id"[0m  [["name", "New Wave"], ["created_at", "2019-01-17 01:55:32.182544"], ["updated_at", "2019-01-17 01:55:32.182544"]]
  ↳ db/seeds.rb:38
  [1m[35m (0.5ms)[0m  [1m[35mCOMMIT[0m
  ↳ db/seeds.rb:38
  [1m[36mMixtape Load (1.3ms)[0m  [1m[34mSELECT "mixtapes".* FROM "mixtapes"[0m
  ↳ db/seeds.rb:40
  [1m[35m (0.2ms)[0m  [1m[35mBEGIN[0m
  ↳ db/seeds.rb:41
  [1m[36mMixtape Create (0.7ms)[0m  [1m[32mINSERT INTO "mixtapes" ("title", "created_at", "updated_at") VALUES ($1, $2, $3) RETURNING "id"[0m  [["title", "Driving Songs"], ["created_at", "2019-01-17 01:55:32.205288"], ["updated_at", "2019-01-17 01:55:32.205288"]]
  ↳ db/seeds.rb:41
  [1m[35m (0.3ms)[0m  [1m[35mCOMMIT[0m
  ↳ db/seeds.rb:41
  [1m[35m (0.2ms)[0m  [1m[35mBEGIN[0m
  ↳ db/seeds.rb:42
  [1m[36mMixtape Create (0.4ms)[0m  [1m[32mINSERT INTO "mixtapes" ("title", "created_at", "updated_at") VALUES ($1, $2, $3) RETURNING "id"[0m  [["title", "Makeout Music"], ["created_at", "2019-01-17 01:55:32.208459"], ["updated_at", "2019-01-17 01:55:32.208459"]]
  ↳ db/seeds.rb:42
  [1m[35m (0.4ms)[0m  [1m[35mCOMMIT[0m
  ↳ db/seeds.rb:42
  [1m[35m (0.5ms)[0m  [1m[35mBEGIN[0m
  ↳ db/seeds.rb:43
  [1m[36mMixtape Create (0.3ms)[0m  [1m[32mINSERT INTO "mixtapes" ("title", "created_at", "updated_at") VALUES ($1, $2, $3) RETURNING "id"[0m  [["title", "Code Jams"], ["created_at", "2019-01-17 01:55:32.211571"], ["updated_at", "2019-01-17 01:55:32.211571"]]
  ↳ db/seeds.rb:43
  [1m[35m (0.4ms)[0m  [1m[35mCOMMIT[0m
  ↳ db/seeds.rb:43
  [1m[35m (0.1ms)[0m  [1m[35mBEGIN[0m
  ↳ db/seeds.rb:44
  [1m[36mMixtape Create (0.3ms)[0m  [1m[32mINSERT INTO "mixtapes" ("title", "created_at", "updated_at") VALUES ($1, $2, $3) RETURNING "id"[0m  [["title", "Monkey Mongs"], ["created_at", "2019-01-17 01:55:32.213844"], ["updated_at", "2019-01-17 01:55:32.213844"]]
  ↳ db/seeds.rb:44
  [1m[35m (0.4ms)[0m  [1m[35mCOMMIT[0m
  ↳ db/seeds.rb:44
  [1m[35m (0.1ms)[0m  [1m[35mBEGIN[0m
  ↳ db/seeds.rb:48
  [1m[36mSong Update (1.1ms)[0m  [1m[33mUPDATE "songs" SET "album_id" = $1, "updated_at" = $2 WHERE "songs"."id" = $3[0m  [["album_id", 1], ["updated_at", "2019-01-17 01:55:32.266292"], ["id", 5]]
  ↳ db/seeds.rb:48
  [1m[35m (0.5ms)[0m  [1m[35mCOMMIT[0m
  ↳ db/seeds.rb:48
  [1m[35m (0.2ms)[0m  [1m[35mBEGIN[0m
  ↳ db/seeds.rb:49
  [1m[36mSong Update (1.3ms)[0m  [1m[33mUPDATE "songs" SET "album_id" = $1, "updated_at" = $2 WHERE "songs"."id" = $3[0m  [["album_id", 2], ["updated_at", "2019-01-17 01:55:32.272608"], ["id", 6]]
  ↳ db/seeds.rb:49
  [1m[35m (0.5ms)[0m  [1m[35mCOMMIT[0m
  ↳ db/seeds.rb:49
  [1m[35m (0.2ms)[0m  [1m[35mBEGIN[0m
  ↳ db/seeds.rb:50
  [1m[36mSong Update (0.5ms)[0m  [1m[33mUPDATE "songs" SET "album_id" = $1, "updated_at" = $2 WHERE "songs"."id" = $3[0m  [["album_id", 3], ["updated_at", "2019-01-17 01:55:32.278574"], ["id", 7]]
  ↳ db/seeds.rb:50
  [1m[35m (0.4ms)[0m  [1m[35mCOMMIT[0m
  ↳ db/seeds.rb:50
  [1m[35m (0.2ms)[0m  [1m[35mBEGIN[0m
  ↳ db/seeds.rb:51
  [1m[36mSong Update (0.5ms)[0m  [1m[33mUPDATE "songs" SET "album_id" = $1, "updated_at" = $2 WHERE "songs"."id" = $3[0m  [["album_id", 4], ["updated_at", "2019-01-17 01:55:32.283279"], ["id", 8]]
  ↳ db/seeds.rb:51
  [1m[35m (0.4ms)[0m  [1m[35mCOMMIT[0m
  ↳ db/seeds.rb:51
  [1m[35m (0.3ms)[0m  [1m[35mBEGIN[0m
  ↳ db/seeds.rb:54
  [1m[36mSong Update (0.5ms)[0m  [1m[33mUPDATE "songs" SET "artist_id" = $1, "updated_at" = $2 WHERE "songs"."id" = $3[0m  [["artist_id", 1], ["updated_at", "2019-01-17 01:55:32.290375"], ["id", 5]]
  ↳ db/seeds.rb:54
  [1m[35m (0.4ms)[0m  [1m[35mCOMMIT[0m
  ↳ db/seeds.rb:54
  [1m[35m (0.2ms)[0m  [1m[35mBEGIN[0m
  ↳ db/seeds.rb:55
  [1m[36mSong Update (0.5ms)[0m  [1m[33mUPDATE "songs" SET "artist_id" = $1, "updated_at" = $2 WHERE "songs"."id" = $3[0m  [["artist_id", 2], ["updated_at", "2019-01-17 01:55:32.294570"], ["id", 6]]
  ↳ db/seeds.rb:55
  [1m[35m (0.5ms)[0m  [1m[35mCOMMIT[0m
  ↳ db/seeds.rb:55
  [1m[35m (0.2ms)[0m  [1m[35mBEGIN[0m
  ↳ db/seeds.rb:56
  [1m[36mSong Update (0.5ms)[0m  [1m[33mUPDATE "songs" SET "artist_id" = $1, "updated_at" = $2 WHERE "songs"."id" = $3[0m  [["artist_id", 3], ["updated_at", "2019-01-17 01:55:32.298784"], ["id", 7]]
  ↳ db/seeds.rb:56
  [1m[35m (0.4ms)[0m  [1m[35mCOMMIT[0m
  ↳ db/seeds.rb:56
  [1m[35m (0.2ms)[0m  [1m[35mBEGIN[0m
  ↳ db/seeds.rb:57
  [1m[36mSong Update (0.5ms)[0m  [1m[33mUPDATE "songs" SET "artist_id" = $1, "updated_at" = $2 WHERE "songs"."id" = $3[0m  [["artist_id", 4], ["updated_at", "2019-01-17 01:55:32.303793"], ["id", 8]]
  ↳ db/seeds.rb:57
  [1m[35m (0.5ms)[0m  [1m[35mCOMMIT[0m
  ↳ db/seeds.rb:57
  [1m[35m (0.2ms)[0m  [1m[35mBEGIN[0m
  ↳ db/seeds.rb:60
  [1m[36mSong::HABTM_Genres Create (0.5ms)[0m  [1m[32mINSERT INTO "genres_songs" ("genre_id", "song_id") VALUES ($1, $2)[0m  [["genre_id", 1], ["song_id", 5]]
  ↳ db/seeds.rb:60
  [1m[35m (0.5ms)[0m  [1m[35mCOMMIT[0m
  ↳ db/seeds.rb:60
  [1m[35m (0.2ms)[0m  [1m[35mBEGIN[0m
  ↳ db/seeds.rb:60
  [1m[36mSong::HABTM_Genres Create (0.4ms)[0m  [1m[32mINSERT INTO "genres_songs" ("genre_id", "song_id") VALUES ($1, $2)[0m  [["genre_id", 2], ["song_id", 5]]
  ↳ db/seeds.rb:60
  [1m[35m (0.4ms)[0m  [1m[35mCOMMIT[0m
  ↳ db/seeds.rb:60
  [1m[35m (0.2ms)[0m  [1m[35mBEGIN[0m
  ↳ db/seeds.rb:61
  [1m[36mSong::HABTM_Genres Create (1.7ms)[0m  [1m[32mINSERT INTO "genres_songs" ("genre_id", "song_id") VALUES ($1, $2)[0m  [["genre_id", 3], ["song_id", 6]]
  ↳ db/seeds.rb:61
  [1m[35m (0.4ms)[0m  [1m[35mCOMMIT[0m
  ↳ db/seeds.rb:61
  [1m[35m (0.2ms)[0m  [1m[35mBEGIN[0m
  ↳ db/seeds.rb:62
  [1m[36mSong::HABTM_Genres Create (0.4ms)[0m  [1m[32mINSERT INTO "genres_songs" ("genre_id", "song_id") VALUES ($1, $2)[0m  [["genre_id", 4], ["song_id", 7]]
  ↳ db/seeds.rb:62
  [1m[35m (0.4ms)[0m  [1m[35mCOMMIT[0m
  ↳ db/seeds.rb:62
  [1m[35m (0.2ms)[0m  [1m[35mBEGIN[0m
  ↳ db/seeds.rb:62
  [1m[36mSong::HABTM_Genres Create (0.4ms)[0m  [1m[32mINSERT INTO "genres_songs" ("genre_id", "song_id") VALUES ($1, $2)[0m  [["genre_id", 5], ["song_id", 7]]
  ↳ db/seeds.rb:62
  [1m[35m (0.5ms)[0m  [1m[35mCOMMIT[0m
  ↳ db/seeds.rb:62
  [1m[35m (0.2ms)[0m  [1m[35mBEGIN[0m
  ↳ db/seeds.rb:63
  [1m[36mSong::HABTM_Genres Create (0.4ms)[0m  [1m[32mINSERT INTO "genres_songs" ("genre_id", "song_id") VALUES ($1, $2)[0m  [["genre_id", 6], ["song_id", 8]]
  ↳ db/seeds.rb:63
  [1m[35m (0.5ms)[0m  [1m[35mCOMMIT[0m
  ↳ db/seeds.rb:63
  [1m[35m (0.2ms)[0m  [1m[35mBEGIN[0m
  ↳ db/seeds.rb:63
  [1m[36mSong::HABTM_Genres Create (0.4ms)[0m  [1m[32mINSERT INTO "genres_songs" ("genre_id", "song_id") VALUES ($1, $2)[0m  [["genre_id", 3], ["song_id", 8]]
  ↳ db/seeds.rb:63
  [1m[35m (0.5ms)[0m  [1m[35mCOMMIT[0m
  ↳ db/seeds.rb:63
  [1m[35m (0.3ms)[0m  [1m[35mBEGIN[0m
  ↳ db/seeds.rb:66
  [1m[36mMixtape::HABTM_Songs Create (0.5ms)[0m  [1m[32mINSERT INTO "mixtapes_songs" ("mixtape_id", "song_id") VALUES ($1, $2)[0m  [["mixtape_id", 1], ["song_id", 5]]
  ↳ db/seeds.rb:66
  [1m[35m (1.3ms)[0m  [1m[35mCOMMIT[0m
  ↳ db/seeds.rb:66
  [1m[35m (0.2ms)[0m  [1m[35mBEGIN[0m
  ↳ db/seeds.rb:66
  [1m[36mMixtape::HABTM_Songs Create (1.5ms)[0m  [1m[32mINSERT INTO "mixtapes_songs" ("mixtape_id", "song_id") VALUES ($1, $2)[0m  [["mixtape_id", 1], ["song_id", 6]]
  ↳ db/seeds.rb:66
  [1m[35m (2.9ms)[0m  [1m[35mCOMMIT[0m
  ↳ db/seeds.rb:66
  [1m[35m (0.2ms)[0m  [1m[35mBEGIN[0m
  ↳ db/seeds.rb:66
  [1m[36mMixtape::HABTM_Songs Create (0.5ms)[0m  [1m[32mINSERT INTO "mixtapes_songs" ("mixtape_id", "song_id") VALUES ($1, $2)[0m  [["mixtape_id", 1], ["song_id", 7]]
  ↳ db/seeds.rb:66
  [1m[35m (0.5ms)[0m  [1m[35mCOMMIT[0m
  ↳ db/seeds.rb:66
  [1m[35m (0.2ms)[0m  [1m[35mBEGIN[0m
  ↳ db/seeds.rb:66
  [1m[36mMixtape::HABTM_Songs Create (0.4ms)[0m  [1m[32mINSERT INTO "mixtapes_songs" ("mixtape_id", "song_id") VALUES ($1, $2)[0m  [["mixtape_id", 1], ["song_id", 8]]
  ↳ db/seeds.rb:66
  [1m[35m (0.6ms)[0m  [1m[35mCOMMIT[0m
  ↳ db/seeds.rb:66
  [1m[35m (0.2ms)[0m  [1m[35mBEGIN[0m
  ↳ db/seeds.rb:67
  [1m[36mMixtape::HABTM_Songs Create (0.4ms)[0m  [1m[32mINSERT INTO "mixtapes_songs" ("mixtape_id", "song_id") VALUES ($1, $2)[0m  [["mixtape_id", 2], ["song_id", 6]]
  ↳ db/seeds.rb:67
  [1m[35m (0.5ms)[0m  [1m[35mCOMMIT[0m
  ↳ db/seeds.rb:67
  [1m[35m (0.2ms)[0m  [1m[35mBEGIN[0m
  ↳ db/seeds.rb:67
  [1m[36mMixtape::HABTM_Songs Create (0.4ms)[0m  [1m[32mINSERT INTO "mixtapes_songs" ("mixtape_id", "song_id") VALUES ($1, $2)[0m  [["mixtape_id", 2], ["song_id", 6]]
  ↳ db/seeds.rb:67
  [1m[35m (0.4ms)[0m  [1m[35mCOMMIT[0m
  ↳ db/seeds.rb:67
  [1m[35m (0.2ms)[0m  [1m[35mBEGIN[0m
  ↳ db/seeds.rb:67
  [1m[36mMixtape::HABTM_Songs Create (0.4ms)[0m  [1m[32mINSERT INTO "mixtapes_songs" ("mixtape_id", "song_id") VALUES ($1, $2)[0m  [["mixtape_id", 2], ["song_id", 6]]
  ↳ db/seeds.rb:67
  [1m[35m (0.9ms)[0m  [1m[35mCOMMIT[0m
  ↳ db/seeds.rb:67
  [1m[35m (0.2ms)[0m  [1m[35mBEGIN[0m
  ↳ db/seeds.rb:67
  [1m[36mMixtape::HABTM_Songs Create (0.4ms)[0m  [1m[32mINSERT INTO "mixtapes_songs" ("mixtape_id", "song_id") VALUES ($1, $2)[0m  [["mixtape_id", 2], ["song_id", 7]]
  ↳ db/seeds.rb:67
  [1m[35m (0.8ms)[0m  [1m[35mCOMMIT[0m
  ↳ db/seeds.rb:67
  [1m[35m (0.2ms)[0m  [1m[35mBEGIN[0m
  ↳ db/seeds.rb:68
  [1m[36mMixtape::HABTM_Songs Create (0.6ms)[0m  [1m[32mINSERT INTO "mixtapes_songs" ("mixtape_id", "song_id") VALUES ($1, $2)[0m  [["mixtape_id", 3], ["song_id", 5]]
  ↳ db/seeds.rb:68
  [1m[35m (0.9ms)[0m  [1m[35mCOMMIT[0m
  ↳ db/seeds.rb:68
  [1m[35m (0.3ms)[0m  [1m[35mBEGIN[0m
  ↳ db/seeds.rb:68
  [1m[36mMixtape::HABTM_Songs Create (0.6ms)[0m  [1m[32mINSERT INTO "mixtapes_songs" ("mixtape_id", "song_id") VALUES ($1, $2)[0m  [["mixtape_id", 3], ["song_id", 8]]
  ↳ db/seeds.rb:68
  [1m[35m (0.6ms)[0m  [1m[35mCOMMIT[0m
  ↳ db/seeds.rb:68
  [1m[35m (0.3ms)[0m  [1m[35mBEGIN[0m
  ↳ db/seeds.rb:69
  [1m[36mMixtape::HABTM_Songs Create (0.5ms)[0m  [1m[32mINSERT INTO "mixtapes_songs" ("mixtape_id", "song_id") VALUES ($1, $2)[0m  [["mixtape_id", 4], ["song_id", 8]]
  ↳ db/seeds.rb:69
  [1m[35m (0.6ms)[0m  [1m[35mCOMMIT[0m
  ↳ db/seeds.rb:69
  [1m[35m (0.3ms)[0m  [1m[35mBEGIN[0m
  ↳ db/seeds.rb:69
  [1m[36mMixtape::HABTM_Songs Create (0.6ms)[0m  [1m[32mINSERT INTO "mixtapes_songs" ("mixtape_id", "song_id") VALUES ($1, $2)[0m  [["mixtape_id", 4], ["song_id", 7]]
  ↳ db/seeds.rb:69
  [1m[35m (0.4ms)[0m  [1m[35mCOMMIT[0m
  ↳ db/seeds.rb:69
  [1m[35m (0.5ms)[0m  [1m[35mBEGIN[0m
  ↳ db/seeds.rb:69
  [1m[36mMixtape::HABTM_Songs Create (0.5ms)[0m  [1m[32mINSERT INTO "mixtapes_songs" ("mixtape_id", "song_id") VALUES ($1, $2)[0m  [["mixtape_id", 4], ["song_id", 6]]
  ↳ db/seeds.rb:69
  [1m[35m (0.6ms)[0m  [1m[35mCOMMIT[0m
  ↳ db/seeds.rb:69
  [1m[35m (0.4ms)[0m  [1m[35mBEGIN[0m
  ↳ db/seeds.rb:71
  [1m[36mMixtape Update (0.6ms)[0m  [1m[33mUPDATE "mixtapes" SET "user_id" = $1, "updated_at" = $2 WHERE "mixtapes"."id" = $3[0m  [["user_id", 4], ["updated_at", "2019-01-17 01:55:32.481342"], ["id", 1]]
  ↳ db/seeds.rb:71
  [1m[35m (0.7ms)[0m  [1m[35mCOMMIT[0m
  ↳ db/seeds.rb:71
  [1m[35m (0.2ms)[0m  [1m[35mBEGIN[0m
  ↳ db/seeds.rb:71
  [1m[36mMixtape Update (0.6ms)[0m  [1m[33mUPDATE "mixtapes" SET "user_id" = $1, "updated_at" = $2 WHERE "mixtapes"."id" = $3[0m  [["user_id", 4], ["updated_at", "2019-01-17 01:55:32.486066"], ["id", 2]]
  ↳ db/seeds.rb:71
  [1m[35m (0.7ms)[0m  [1m[35mCOMMIT[0m
  ↳ db/seeds.rb:71
  [1m[35m (0.4ms)[0m  [1m[35mBEGIN[0m
  ↳ db/seeds.rb:72
  [1m[36mMixtape Update (0.7ms)[0m  [1m[33mUPDATE "mixtapes" SET "user_id" = $1, "updated_at" = $2 WHERE "mixtapes"."id" = $3[0m  [["user_id", 5], ["updated_at", "2019-01-17 01:55:32.492590"], ["id", 3]]
  ↳ db/seeds.rb:72
  [1m[35m (0.5ms)[0m  [1m[35mCOMMIT[0m
  ↳ db/seeds.rb:72
  [1m[35m (0.2ms)[0m  [1m[35mBEGIN[0m
  ↳ db/seeds.rb:72
  [1m[36mMixtape Update (0.7ms)[0m  [1m[33mUPDATE "mixtapes" SET "user_id" = $1, "updated_at" = $2 WHERE "mixtapes"."id" = $3[0m  [["user_id", 5], ["updated_at", "2019-01-17 01:55:32.496636"], ["id", 4]]
  ↳ db/seeds.rb:72
  [1m[35m (0.5ms)[0m  [1m[35mCOMMIT[0m
  ↳ db/seeds.rb:72
Started GET "/" for 127.0.0.1 at 2019-01-17 14:56:05 +1100
  [1m[35m (1.4ms)[0m  [1m[34mSELECT "schema_migrations"."version" FROM "schema_migrations" ORDER BY "schema_migrations"."version" ASC[0m
  ↳ /Users/DavidPearl/.rvm/gems/ruby-2.5.3/gems/activerecord-5.2.2/lib/active_record/log_subscriber.rb:98
Processing by PagesController#home as HTML
  Rendering pages/home.html.erb within layouts/application
  Rendered pages/home.html.erb within layouts/application (0.8ms)
Completed 500 Internal Server Error in 28ms (ActiveRecord: 0.0ms)


  
SyntaxError (/Users/DavidPearl/Projects/wdi30-homework/david_pearl/week05/tunr/app/views/pages/home.html.erb:4: syntax error, unexpected ')', expecting keyword_then or ';' or '\n'
...if session[:user_id].present? );@output_buffer.safe_append='
...                              ^
/Users/DavidPearl/Projects/wdi30-homework/david_pearl/week05/tunr/app/views/pages/home.html.erb:10: syntax error, unexpected keyword_ensure, expecting ')'
          ensure
          ^~~~~~
/Users/DavidPearl/Projects/wdi30-homework/david_pearl/week05/tunr/app/views/pages/home.html.erb:12: syntax error, unexpected keyword_end, expecting ')'
          end
          ^~~):
  
app/views/pages/home.html.erb:4: syntax error, unexpected ')', expecting keyword_then or ';' or '\n'
app/views/pages/home.html.erb:10: syntax error, unexpected keyword_ensure, expecting ')'
app/views/pages/home.html.erb:12: syntax error, unexpected keyword_end, expecting ')'
Started GET "/" for 127.0.0.1 at 2019-01-17 14:56:58 +1100
Processing by PagesController#home as HTML
  Rendering pages/home.html.erb within layouts/application
  Rendered pages/home.html.erb within layouts/application (2.6ms)
Completed 500 Internal Server Error in 16ms (ActiveRecord: 0.0ms)


  
SyntaxError (/Users/DavidPearl/Projects/wdi30-homework/david_pearl/week05/tunr/app/views/pages/home.html.erb:4: syntax error, unexpected ')', expecting keyword_then or ';' or '\n'
...if session[:user_id].present? );@output_buffer.safe_append='
...                              ^
/Users/DavidPearl/Projects/wdi30-homework/david_pearl/week05/tunr/app/views/pages/home.html.erb:8: syntax error, unexpected keyword_end, expecting ')'
'.freeze;   end 
            ^~~
/Users/DavidPearl/Projects/wdi30-homework/david_pearl/week05/tunr/app/views/pages/home.html.erb:10: syntax error, unexpected keyword_ensure, expecting ')'
          ensure
          ^~~~~~
/Users/DavidPearl/Projects/wdi30-homework/david_pearl/week05/tunr/app/views/pages/home.html.erb:12: syntax error, unexpected keyword_end, expecting ')'
          end
          ^~~):
  
app/views/pages/home.html.erb:4: syntax error, unexpected ')', expecting keyword_then or ';' or '\n'
app/views/pages/home.html.erb:8: syntax error, unexpected keyword_end, expecting ')'
app/views/pages/home.html.erb:10: syntax error, unexpected keyword_ensure, expecting ')'
app/views/pages/home.html.erb:12: syntax error, unexpected keyword_end, expecting ')'
Started GET "/" for 127.0.0.1 at 2019-01-17 14:59:37 +1100
Processing by PagesController#home as HTML
  Rendering pages/home.html.erb within layouts/application
  Rendered pages/home.html.erb within layouts/application (0.6ms)
Completed 500 Internal Server Error in 14ms (ActiveRecord: 0.0ms)


  
SyntaxError (/Users/DavidPearl/Projects/wdi30-homework/david_pearl/week05/tunr/app/views/pages/home.html.erb:4: syntax error, unexpected ')', expecting keyword_then or ';' or '\n'
...if session[:user_id].present? );@output_buffer.safe_append='
...                              ^
/Users/DavidPearl/Projects/wdi30-homework/david_pearl/week05/tunr/app/views/pages/home.html.erb:8: syntax error, unexpected keyword_end, expecting ')'
'.freeze;   end 
            ^~~
/Users/DavidPearl/Projects/wdi30-homework/david_pearl/week05/tunr/app/views/pages/home.html.erb:10: syntax error, unexpected keyword_ensure, expecting ')'
          ensure
          ^~~~~~
/Users/DavidPearl/Projects/wdi30-homework/david_pearl/week05/tunr/app/views/pages/home.html.erb:12: syntax error, unexpected keyword_end, expecting ')'
          end
          ^~~):
  
app/views/pages/home.html.erb:4: syntax error, unexpected ')', expecting keyword_then or ';' or '\n'
app/views/pages/home.html.erb:8: syntax error, unexpected keyword_end, expecting ')'
app/views/pages/home.html.erb:10: syntax error, unexpected keyword_ensure, expecting ')'
app/views/pages/home.html.erb:12: syntax error, unexpected keyword_end, expecting ')'
Started GET "/" for 127.0.0.1 at 2019-01-17 15:04:58 +1100
Processing by PagesController#home as HTML
  Rendering pages/home.html.erb within layouts/application
  Rendered pages/home.html.erb within layouts/application (0.6ms)
Completed 500 Internal Server Error in 10ms (ActiveRecord: 0.0ms)


  
SyntaxError (/Users/DavidPearl/Projects/wdi30-homework/david_pearl/week05/tunr/app/views/pages/home.html.erb:4: syntax error, unexpected ')', expecting keyword_then or ';' or '\n'
...if session[:user_id].present? );@output_buffer.safe_append='
...                              ^
/Users/DavidPearl/Projects/wdi30-homework/david_pearl/week05/tunr/app/views/pages/home.html.erb:8: syntax error, unexpected keyword_end, expecting ')'
'.freeze;   end 
            ^~~
/Users/DavidPearl/Projects/wdi30-homework/david_pearl/week05/tunr/app/views/pages/home.html.erb:10: syntax error, unexpected keyword_ensure, expecting ')'
          ensure
          ^~~~~~
/Users/DavidPearl/Projects/wdi30-homework/david_pearl/week05/tunr/app/views/pages/home.html.erb:12: syntax error, unexpected keyword_end, expecting ')'
          end
          ^~~):
  
app/views/pages/home.html.erb:4: syntax error, unexpected ')', expecting keyword_then or ';' or '\n'
app/views/pages/home.html.erb:8: syntax error, unexpected keyword_end, expecting ')'
app/views/pages/home.html.erb:10: syntax error, unexpected keyword_ensure, expecting ')'
app/views/pages/home.html.erb:12: syntax error, unexpected keyword_end, expecting ')'
Started GET "/" for 127.0.0.1 at 2019-01-17 15:06:10 +1100
Processing by PagesController#home as HTML
  Rendering pages/home.html.erb within layouts/application
  Rendered pages/home.html.erb within layouts/application (0.9ms)
Completed 500 Internal Server Error in 13ms (ActiveRecord: 0.0ms)


  
SyntaxError (/Users/DavidPearl/Projects/wdi30-homework/david_pearl/week05/tunr/app/views/pages/home.html.erb:4: syntax error, unexpected ')', expecting keyword_then or ';' or '\n'
...if session[:user_id].present? );@output_buffer.safe_append='
...                              ^
/Users/DavidPearl/Projects/wdi30-homework/david_pearl/week05/tunr/app/views/pages/home.html.erb:8: syntax error, unexpected keyword_end, expecting ')'
'.freeze;   end 
            ^~~
/Users/DavidPearl/Projects/wdi30-homework/david_pearl/week05/tunr/app/views/pages/home.html.erb:10: syntax error, unexpected keyword_ensure, expecting ')'
          ensure
          ^~~~~~
/Users/DavidPearl/Projects/wdi30-homework/david_pearl/week05/tunr/app/views/pages/home.html.erb:12: syntax error, unexpected keyword_end, expecting ')'
          end
          ^~~):
  
app/views/pages/home.html.erb:4: syntax error, unexpected ')', expecting keyword_then or ';' or '\n'
app/views/pages/home.html.erb:8: syntax error, unexpected keyword_end, expecting ')'
app/views/pages/home.html.erb:10: syntax error, unexpected keyword_ensure, expecting ')'
app/views/pages/home.html.erb:12: syntax error, unexpected keyword_end, expecting ')'
Started GET "/" for 127.0.0.1 at 2019-01-17 15:06:34 +1100
Processing by PagesController#home as HTML
  Rendering pages/home.html.erb within layouts/application
  Rendered pages/home.html.erb within layouts/application (1.3ms)
Completed 500 Internal Server Error in 13ms (ActiveRecord: 0.0ms)


  
SyntaxError (/Users/DavidPearl/Projects/wdi30-homework/david_pearl/week05/tunr/app/views/pages/home.html.erb:4: syntax error, unexpected ')'
...ssion[:user_id].present? then );@output_buffer.safe_append='
...                              ^
/Users/DavidPearl/Projects/wdi30-homework/david_pearl/week05/tunr/app/views/pages/home.html.erb:10: syntax error, unexpected keyword_ensure, expecting ')'
          ensure
          ^~~~~~
/Users/DavidPearl/Projects/wdi30-homework/david_pearl/week05/tunr/app/views/pages/home.html.erb:12: syntax error, unexpected keyword_end, expecting ')'
          end
          ^~~):
  
app/views/pages/home.html.erb:4: syntax error, unexpected ')'
app/views/pages/home.html.erb:10: syntax error, unexpected keyword_ensure, expecting ')'
app/views/pages/home.html.erb:12: syntax error, unexpected keyword_end, expecting ')'
  [1m[35m (0.3ms)[0m  [1m[34mSELECT pg_try_advisory_lock(5870676503668667565)[0m
  ↳ bin/rails:9
  [1m[35m (4.0ms)[0m  [1m[34mSELECT "schema_migrations"."version" FROM "schema_migrations" ORDER BY "schema_migrations"."version" ASC[0m
  ↳ bin/rails:9
Migrating to AddAdminToUsers (20190117041406)
  [1m[35m (0.2ms)[0m  [1m[35mBEGIN[0m
  ↳ bin/rails:9
  [1m[35m (41.0ms)[0m  [1m[35mALTER TABLE "users" ADD "admin" boolean[0m
  ↳ db/migrate/20190117041406_add_admin_to_users.rb:3
  [1m[36mActiveRecord::SchemaMigration Create (0.9ms)[0m  [1m[32mINSERT INTO "schema_migrations" ("version") VALUES ($1) RETURNING "version"[0m  [["version", "20190117041406"]]
  ↳ bin/rails:9
  [1m[35m (1.0ms)[0m  [1m[35mCOMMIT[0m
  ↳ bin/rails:9
  [1m[36mActiveRecord::InternalMetadata Load (30.6ms)[0m  [1m[34mSELECT  "ar_internal_metadata".* FROM "ar_internal_metadata" WHERE "ar_internal_metadata"."key" = $1 LIMIT $2[0m  [["key", "environment"], ["LIMIT", 1]]
  ↳ bin/rails:9
  [1m[35m (0.2ms)[0m  [1m[35mBEGIN[0m
  ↳ bin/rails:9
  [1m[35m (0.2ms)[0m  [1m[35mCOMMIT[0m
  ↳ bin/rails:9
  [1m[35m (0.3ms)[0m  [1m[34mSELECT pg_advisory_unlock(5870676503668667565)[0m
  ↳ bin/rails:9
  [1m[35m (0.3ms)[0m  [1m[34mSELECT "schema_migrations"."version" FROM "schema_migrations" ORDER BY "schema_migrations"."version" ASC[0m
  ↳ bin/rails:9
Started GET "/" for ::1 at 2019-01-21 14:29:09 +1100
  [1m[35m (44.1ms)[0m  [1m[34mSELECT "schema_migrations"."version" FROM "schema_migrations" ORDER BY "schema_migrations"."version" ASC[0m
  ↳ /Users/DavidPearl/.rvm/gems/ruby-2.5.3/gems/activerecord-5.2.2/lib/active_record/log_subscriber.rb:98
Processing by PagesController#home as HTML
  Rendering pages/home.html.erb within layouts/application
  Rendered pages/home.html.erb within layouts/application (0.9ms)
Completed 500 Internal Server Error in 272ms (ActiveRecord: 0.0ms)


  
SyntaxError (/Users/DavidPearl/Projects/wdi30-homework/david_pearl/week05/tunr/app/views/pages/home.html.erb:4: syntax error, unexpected ')'
...ssion[:user_id].present? then );@output_buffer.safe_append='
...                              ^
/Users/DavidPearl/Projects/wdi30-homework/david_pearl/week05/tunr/app/views/pages/home.html.erb:10: syntax error, unexpected keyword_ensure, expecting ')'
          ensure
          ^~~~~~
/Users/DavidPearl/Projects/wdi30-homework/david_pearl/week05/tunr/app/views/pages/home.html.erb:12: syntax error, unexpected keyword_end, expecting ')'
          end
          ^~~):
  
app/views/pages/home.html.erb:4: syntax error, unexpected ')'
app/views/pages/home.html.erb:10: syntax error, unexpected keyword_ensure, expecting ')'
app/views/pages/home.html.erb:12: syntax error, unexpected keyword_end, expecting ')'
